{"/home/travis/build/npmtest/node-npmtest-tsify/test.js":{"path":"/home/travis/build/npmtest/node-npmtest-tsify/test.js","s":{"1":2,"2":2,"3":2,"4":2,"5":2,"6":2,"7":2,"8":1,"9":2,"10":2,"11":1,"12":1,"13":1,"14":1,"15":2,"16":2,"17":2,"18":2,"19":1,"20":1,"21":2,"22":2,"23":2,"24":1,"25":1,"26":1,"27":1,"28":1,"29":1,"30":1,"31":1,"32":1,"33":1,"34":1,"35":1,"36":1,"37":1,"38":1,"39":2,"40":2,"41":1,"42":2,"43":2,"44":1,"45":2,"46":2,"47":1,"48":2,"49":2,"50":1,"51":1,"52":1,"53":1,"54":1},"b":{"1":[2,1,1,1],"2":[1,1,1,1],"3":[1,1],"4":[1,1],"5":[1,1],"6":[1,1],"7":[1,1],"8":[1,1],"9":[1,1],"10":[1,1,1],"11":[1,1],"12":[1,1],"13":[1,1],"14":[1,1],"15":[1,1],"16":[1,1],"17":[1,1]},"f":{"1":2,"2":2,"3":2,"4":2,"5":2,"6":1,"7":1,"8":1,"9":2,"10":2,"11":2,"12":2,"13":1},"fnMap":{"1":{"name":"(anonymous_1)","line":12,"loc":{"start":{"line":12,"column":1},"end":{"line":12,"column":13}}},"2":{"name":"(anonymous_2)","line":19,"loc":{"start":{"line":19,"column":5},"end":{"line":19,"column":17}}},"3":{"name":"(anonymous_3)","line":23,"loc":{"start":{"line":23,"column":24},"end":{"line":23,"column":36}}},"4":{"name":"(anonymous_4)","line":61,"loc":{"start":{"line":61,"column":5},"end":{"line":61,"column":17}}},"5":{"name":"(anonymous_5)","line":82,"loc":{"start":{"line":82,"column":5},"end":{"line":82,"column":17}}},"6":{"name":"(anonymous_6)","line":91,"loc":{"start":{"line":91,"column":77},"end":{"line":94,"column":10}}},"7":{"name":"(anonymous_7)","line":112,"loc":{"start":{"line":112,"column":83},"end":{"line":115,"column":10}},"skip":true},"8":{"name":"(anonymous_8)","line":123,"loc":{"start":{"line":123,"column":77},"end":{"line":126,"column":10}},"skip":true},"9":{"name":"(anonymous_9)","line":139,"loc":{"start":{"line":139,"column":12},"end":{"line":139,"column":40}},"skip":true},"10":{"name":"(anonymous_10)","line":147,"loc":{"start":{"line":147,"column":77},"end":{"line":150,"column":10}},"skip":true},"11":{"name":"(anonymous_11)","line":158,"loc":{"start":{"line":158,"column":83},"end":{"line":161,"column":10}},"skip":true},"12":{"name":"(anonymous_12)","line":169,"loc":{"start":{"line":169,"column":79},"end":{"line":172,"column":10}},"skip":true},"13":{"name":"(anonymous_13)","line":180,"loc":{"start":{"line":180,"column":75},"end":{"line":183,"column":10}},"skip":true}},"statementMap":{"1":{"start":{"line":12,"column":0},"end":{"line":195,"column":5}},"2":{"start":{"line":14,"column":4},"end":{"line":14,"column":14}},"3":{"start":{"line":19,"column":4},"end":{"line":56,"column":9}},"4":{"start":{"line":21,"column":8},"end":{"line":21,"column":19}},"5":{"start":{"line":23,"column":8},"end":{"line":35,"column":13}},"6":{"start":{"line":24,"column":12},"end":{"line":34,"column":13}},"7":{"start":{"line":25,"column":16},"end":{"line":28,"column":30}},"8":{"start":{"line":30,"column":16},"end":{"line":33,"column":27}},"9":{"start":{"line":37,"column":8},"end":{"line":39,"column":21}},"10":{"start":{"line":40,"column":8},"end":{"line":53,"column":9}},"11":{"start":{"line":43,"column":12},"end":{"line":46,"column":14}},"12":{"start":{"line":47,"column":12},"end":{"line":47,"column":18}},"13":{"start":{"line":50,"column":12},"end":{"line":51,"column":46}},"14":{"start":{"line":52,"column":12},"end":{"line":52,"column":18}},"15":{"start":{"line":55,"column":8},"end":{"line":55,"column":35}},"16":{"start":{"line":61,"column":4},"end":{"line":63,"column":9}},"17":{"start":{"line":62,"column":8},"end":{"line":62,"column":15}},"18":{"start":{"line":64,"column":4},"end":{"line":77,"column":5}},"19":{"start":{"line":70,"column":8},"end":{"line":70,"column":14}},"20":{"start":{"line":76,"column":8},"end":{"line":76,"column":14}},"21":{"start":{"line":82,"column":4},"end":{"line":84,"column":9}},"22":{"start":{"line":83,"column":8},"end":{"line":83,"column":15}},"23":{"start":{"line":85,"column":4},"end":{"line":194,"column":5}},"24":{"start":{"line":91,"column":8},"end":{"line":99,"column":10}},"25":{"start":{"line":98,"column":12},"end":{"line":98,"column":35}},"26":{"start":{"line":102,"column":8},"end":{"line":104,"column":63}},"27":{"start":{"line":105,"column":8},"end":{"line":105,"column":14}},"28":{"start":{"line":112,"column":8},"end":{"line":121,"column":10},"skip":true},"29":{"start":{"line":119,"column":12},"end":{"line":119,"column":55},"skip":true},"30":{"start":{"line":120,"column":12},"end":{"line":120,"column":48},"skip":true},"31":{"start":{"line":123,"column":8},"end":{"line":136,"column":10},"skip":true},"32":{"start":{"line":130,"column":12},"end":{"line":130,"column":76},"skip":true},"33":{"start":{"line":131,"column":12},"end":{"line":131,"column":73},"skip":true},"34":{"start":{"line":132,"column":12},"end":{"line":132,"column":74},"skip":true},"35":{"start":{"line":133,"column":12},"end":{"line":133,"column":79},"skip":true},"36":{"start":{"line":134,"column":12},"end":{"line":134,"column":25},"skip":true},"37":{"start":{"line":135,"column":12},"end":{"line":135,"column":45},"skip":true},"38":{"start":{"line":138,"column":8},"end":{"line":145,"column":14},"skip":true},"39":{"start":{"line":143,"column":16},"end":{"line":143,"column":29},"skip":true},"40":{"start":{"line":144,"column":16},"end":{"line":144,"column":55},"skip":true},"41":{"start":{"line":147,"column":8},"end":{"line":156,"column":10},"skip":true},"42":{"start":{"line":154,"column":12},"end":{"line":154,"column":25},"skip":true},"43":{"start":{"line":155,"column":12},"end":{"line":155,"column":45},"skip":true},"44":{"start":{"line":158,"column":8},"end":{"line":167,"column":10},"skip":true},"45":{"start":{"line":165,"column":12},"end":{"line":165,"column":25},"skip":true},"46":{"start":{"line":166,"column":12},"end":{"line":166,"column":48},"skip":true},"47":{"start":{"line":169,"column":8},"end":{"line":178,"column":10},"skip":true},"48":{"start":{"line":176,"column":12},"end":{"line":176,"column":25},"skip":true},"49":{"start":{"line":177,"column":12},"end":{"line":177,"column":46},"skip":true},"50":{"start":{"line":180,"column":8},"end":{"line":189,"column":10},"skip":true},"51":{"start":{"line":187,"column":12},"end":{"line":187,"column":94},"skip":true},"52":{"start":{"line":188,"column":12},"end":{"line":188,"column":48},"skip":true},"53":{"start":{"line":192,"column":8},"end":{"line":192,"column":35},"skip":true},"54":{"start":{"line":193,"column":8},"end":{"line":193,"column":14},"skip":true}},"branchMap":{"1":{"line":25,"type":"binary-expr","locations":[{"start":{"line":25,"column":23},"end":{"line":25,"column":62}},{"start":{"line":26,"column":20},"end":{"line":26,"column":70}},{"start":{"line":27,"column":20},"end":{"line":27,"column":71}},{"start":{"line":28,"column":20},"end":{"line":28,"column":29}}]},"2":{"line":30,"type":"binary-expr","locations":[{"start":{"line":30,"column":23},"end":{"line":30,"column":37}},{"start":{"line":31,"column":20},"end":{"line":31,"column":61}},{"start":{"line":32,"column":20},"end":{"line":32,"column":70}},{"start":{"line":33,"column":20},"end":{"line":33,"column":26}}]},"3":{"line":37,"type":"cond-expr","locations":[{"start":{"line":38,"column":14},"end":{"line":38,"column":20}},{"start":{"line":39,"column":14},"end":{"line":39,"column":20}}]},"4":{"line":40,"type":"switch","locations":[{"start":{"line":42,"column":8},"end":{"line":47,"column":18}},{"start":{"line":49,"column":8},"end":{"line":52,"column":18}}]},"5":{"line":44,"type":"binary-expr","locations":[{"start":{"line":44,"column":16},"end":{"line":44,"column":44}},{"start":{"line":44,"column":48},"end":{"line":44,"column":66}}]},"6":{"line":50,"type":"binary-expr","locations":[{"start":{"line":50,"column":21},"end":{"line":50,"column":49}},{"start":{"line":50,"column":53},"end":{"line":50,"column":72}}]},"7":{"line":64,"type":"switch","locations":[{"start":{"line":69,"column":4},"end":{"line":70,"column":14}},{"start":{"line":75,"column":4},"end":{"line":76,"column":14}}]},"8":{"line":85,"type":"switch","locations":[{"start":{"line":90,"column":4},"end":{"line":105,"column":14}},{"start":{"line":111,"column":4},"end":{"line":193,"column":14},"skip":true}]},"9":{"line":91,"type":"binary-expr","locations":[{"start":{"line":91,"column":42},"end":{"line":91,"column":73}},{"start":{"line":91,"column":77},"end":{"line":99,"column":9}}]},"10":{"line":102,"type":"binary-expr","locations":[{"start":{"line":102,"column":18},"end":{"line":102,"column":32}},{"start":{"line":103,"column":12},"end":{"line":103,"column":53}},{"start":{"line":104,"column":12},"end":{"line":104,"column":61}}]},"11":{"line":112,"type":"binary-expr","locations":[{"start":{"line":112,"column":45},"end":{"line":112,"column":79},"skip":true},{"start":{"line":112,"column":83},"end":{"line":121,"column":9},"skip":true}]},"12":{"line":123,"type":"binary-expr","locations":[{"start":{"line":123,"column":42},"end":{"line":123,"column":73},"skip":true},{"start":{"line":123,"column":77},"end":{"line":136,"column":9},"skip":true}]},"13":{"line":138,"type":"binary-expr","locations":[{"start":{"line":138,"column":48},"end":{"line":138,"column":85},"skip":true},{"start":{"line":139,"column":12},"end":{"line":145,"column":13},"skip":true}]},"14":{"line":147,"type":"binary-expr","locations":[{"start":{"line":147,"column":42},"end":{"line":147,"column":73},"skip":true},{"start":{"line":147,"column":77},"end":{"line":156,"column":9},"skip":true}]},"15":{"line":158,"type":"binary-expr","locations":[{"start":{"line":158,"column":45},"end":{"line":158,"column":79},"skip":true},{"start":{"line":158,"column":83},"end":{"line":167,"column":9},"skip":true}]},"16":{"line":169,"type":"binary-expr","locations":[{"start":{"line":169,"column":43},"end":{"line":169,"column":75},"skip":true},{"start":{"line":169,"column":79},"end":{"line":178,"column":9},"skip":true}]},"17":{"line":180,"type":"binary-expr","locations":[{"start":{"line":180,"column":41},"end":{"line":180,"column":71},"skip":true},{"start":{"line":180,"column":75},"end":{"line":189,"column":9},"skip":true}]}},"code":["/* istanbul instrument in package npmtest_tsify */","/*jslint","    bitwise: true,","    browser: true,","    maxerr: 8,","    maxlen: 96,","    node: true,","    nomen: true,","    regexp: true,","    stupid: true","*/","(function () {","    'use strict';","    var local;","","","","    // run shared js-env code - pre-init","    (function () {","        // init local","        local = {};","        // init modeJs","        local.modeJs = (function () {","            try {","                return typeof navigator.userAgent === 'string' &&","                    typeof document.querySelector('body') === 'object' &&","                    typeof XMLHttpRequest.prototype.open === 'function' &&","                    'browser';","            } catch (errorCaughtBrowser) {","                return module.exports &&","                    typeof process.versions.node === 'string' &&","                    typeof require('http').createServer === 'function' &&","                    'node';","            }","        }());","        // init global","        local.global = local.modeJs === 'browser'","            ? window","            : global;","        switch (local.modeJs) {","        // re-init local from window.local","        case 'browser':","            local = local.global.utility2.objectSetDefault(","                local.global.utility2_rollup || local.global.local,","                local.global.utility2","            );","            break;","        // re-init local from example.js","        case 'node':","            local = (local.global.utility2_rollup || require('utility2'))","                .requireExampleJsFromReadme();","            break;","        }","        // export local","        local.global.local = local;","    }());","","","","    // run shared js-env code - function","    (function () {","        return;","    }());","    switch (local.modeJs) {","","","","    // run browser js-env code - function","    case 'browser':","        break;","","","","    // run node js-env code - function","    case 'node':","        break;","    }","","","","    // run shared js-env code - post-init","    (function () {","        return;","    }());","    switch (local.modeJs) {","","","","    // run browser js-env code - post-init","    case 'browser':","        local.testCase_browser_nullCase = local.testCase_browser_nullCase || function (","            options,","            onError","        ) {","        /*","         * this function will test browsers's null-case handling-behavior-behavior","         */","            onError(null, options);","        };","","        // run tests","        local.nop(local.modeTest &&","            document.querySelector('#testRunButton1') &&","            document.querySelector('#testRunButton1').click());","        break;","","","","    // run node js-env code - post-init","    /* istanbul ignore next */","    case 'node':","        local.testCase_buildApidoc_default = local.testCase_buildApidoc_default || function (","            options,","            onError","        ) {","        /*","         * this function will test buildApidoc's default handling-behavior-behavior","         */","            options = { modulePathList: module.paths };","            local.buildApidoc(options, onError);","        };","","        local.testCase_buildApp_default = local.testCase_buildApp_default || function (","            options,","            onError","        ) {","        /*","         * this function will test buildApp's default handling-behavior-behavior","         */","            local.testCase_buildReadme_default(options, local.onErrorThrow);","            local.testCase_buildLib_default(options, local.onErrorThrow);","            local.testCase_buildTest_default(options, local.onErrorThrow);","            local.testCase_buildCustomOrg_default(options, local.onErrorThrow);","            options = [];","            local.buildApp(options, onError);","        };","","        local.testCase_buildCustomOrg_default = local.testCase_buildCustomOrg_default ||","            function (options, onError) {","            /*","             * this function will test buildCustomOrg's default handling-behavior","             */","                options = {};","                local.buildCustomOrg(options, onError);","            };","","        local.testCase_buildLib_default = local.testCase_buildLib_default || function (","            options,","            onError","        ) {","        /*","         * this function will test buildLib's default handling-behavior","         */","            options = {};","            local.buildLib(options, onError);","        };","","        local.testCase_buildReadme_default = local.testCase_buildReadme_default || function (","            options,","            onError","        ) {","        /*","         * this function will test buildReadme's default handling-behavior-behavior","         */","            options = {};","            local.buildReadme(options, onError);","        };","","        local.testCase_buildTest_default = local.testCase_buildTest_default || function (","            options,","            onError","        ) {","        /*","         * this function will test buildTest's default handling-behavior","         */","            options = {};","            local.buildTest(options, onError);","        };","","        local.testCase_webpage_default = local.testCase_webpage_default || function (","            options,","            onError","        ) {","        /*","         * this function will test webpage's default handling-behavior","         */","            options = { modeCoverageMerge: true, url: local.serverLocalHost + '?modeTest=1' };","            local.browserTest(options, onError);","        };","","        // run test-server","        local.testRunServer(local);","        break;","    }","}());",""],"l":{"12":2,"14":2,"19":2,"21":2,"23":2,"24":2,"25":2,"30":1,"37":2,"40":2,"43":1,"47":1,"50":1,"52":1,"55":2,"61":2,"62":2,"64":2,"70":1,"76":1,"82":2,"83":2,"85":2,"91":1,"98":1,"102":1,"105":1,"112":1,"119":1,"120":1,"123":1,"130":1,"131":1,"132":1,"133":1,"134":1,"135":1,"138":1,"143":2,"144":2,"147":1,"154":2,"155":2,"158":1,"165":2,"166":2,"169":1,"176":2,"177":2,"180":1,"187":1,"188":1,"192":1,"193":1}},"/home/travis/build/npmtest/node-npmtest-tsify/lib.npmtest_tsify.js":{"path":"/home/travis/build/npmtest/node-npmtest-tsify/lib.npmtest_tsify.js","s":{"1":2,"2":2,"3":2,"4":2,"5":2,"6":2,"7":2,"8":1,"9":2,"10":2,"11":2,"12":2,"13":1,"14":1,"15":1,"16":1},"b":{"1":[2,1,1,1],"2":[1,1,1,1],"3":[1,1],"4":[2,2],"5":[1,1]},"f":{"1":2,"2":2,"3":2},"fnMap":{"1":{"name":"(anonymous_1)","line":12,"loc":{"start":{"line":12,"column":1},"end":{"line":12,"column":13}}},"2":{"name":"(anonymous_2)","line":19,"loc":{"start":{"line":19,"column":5},"end":{"line":19,"column":17}}},"3":{"name":"(anonymous_3)","line":23,"loc":{"start":{"line":23,"column":24},"end":{"line":23,"column":36}}}},"statementMap":{"1":{"start":{"line":12,"column":0},"end":{"line":53,"column":5}},"2":{"start":{"line":14,"column":4},"end":{"line":14,"column":14}},"3":{"start":{"line":19,"column":4},"end":{"line":52,"column":9}},"4":{"start":{"line":21,"column":8},"end":{"line":21,"column":19}},"5":{"start":{"line":23,"column":8},"end":{"line":35,"column":13}},"6":{"start":{"line":24,"column":12},"end":{"line":34,"column":13}},"7":{"start":{"line":25,"column":16},"end":{"line":28,"column":30}},"8":{"start":{"line":30,"column":16},"end":{"line":33,"column":27}},"9":{"start":{"line":37,"column":8},"end":{"line":39,"column":21}},"10":{"start":{"line":41,"column":8},"end":{"line":41,"column":54}},"11":{"start":{"line":43,"column":8},"end":{"line":43,"column":50}},"12":{"start":{"line":45,"column":8},"end":{"line":51,"column":9}},"13":{"start":{"line":46,"column":12},"end":{"line":46,"column":56}},"14":{"start":{"line":48,"column":12},"end":{"line":48,"column":35}},"15":{"start":{"line":49,"column":12},"end":{"line":49,"column":49}},"16":{"start":{"line":50,"column":12},"end":{"line":50,"column":43}}},"branchMap":{"1":{"line":25,"type":"binary-expr","locations":[{"start":{"line":25,"column":23},"end":{"line":25,"column":62}},{"start":{"line":26,"column":20},"end":{"line":26,"column":70}},{"start":{"line":27,"column":20},"end":{"line":27,"column":71}},{"start":{"line":28,"column":20},"end":{"line":28,"column":29}}]},"2":{"line":30,"type":"binary-expr","locations":[{"start":{"line":30,"column":23},"end":{"line":30,"column":37}},{"start":{"line":31,"column":20},"end":{"line":31,"column":61}},{"start":{"line":32,"column":20},"end":{"line":32,"column":70}},{"start":{"line":33,"column":20},"end":{"line":33,"column":26}}]},"3":{"line":37,"type":"cond-expr","locations":[{"start":{"line":38,"column":14},"end":{"line":38,"column":20}},{"start":{"line":39,"column":14},"end":{"line":39,"column":20}}]},"4":{"line":41,"type":"binary-expr","locations":[{"start":{"line":41,"column":16},"end":{"line":41,"column":44}},{"start":{"line":41,"column":48},"end":{"line":41,"column":53}}]},"5":{"line":45,"type":"if","locations":[{"start":{"line":45,"column":8},"end":{"line":45,"column":8}},{"start":{"line":45,"column":8},"end":{"line":45,"column":8}}]}},"code":["/* istanbul instrument in package npmtest_tsify */","/*jslint","    bitwise: true,","    browser: true,","    maxerr: 8,","    maxlen: 96,","    node: true,","    nomen: true,","    regexp: true,","    stupid: true","*/","(function () {","    'use strict';","    var local;","","","","    // run shared js-env code - pre-init","    (function () {","        // init local","        local = {};","        // init modeJs","        local.modeJs = (function () {","            try {","                return typeof navigator.userAgent === 'string' &&","                    typeof document.querySelector('body') === 'object' &&","                    typeof XMLHttpRequest.prototype.open === 'function' &&","                    'browser';","            } catch (errorCaughtBrowser) {","                return module.exports &&","                    typeof process.versions.node === 'string' &&","                    typeof require('http').createServer === 'function' &&","                    'node';","            }","        }());","        // init global","        local.global = local.modeJs === 'browser'","            ? window","            : global;","        // init utility2_rollup","        local = local.global.utility2_rollup || local;","        // init lib","        local.local = local.npmtest_tsify = local;","        // init exports","        if (local.modeJs === 'browser') {","            local.global.utility2_npmtest_tsify = local;","        } else {","            module.exports = local;","            module.exports.__dirname = __dirname;","            module.exports.module = module;","        }","    }());","}());",""],"l":{"12":2,"14":2,"19":2,"21":2,"23":2,"24":2,"25":2,"30":1,"37":2,"41":2,"43":2,"45":2,"46":1,"48":1,"49":1,"50":1}},"/home/travis/build/npmtest/node-npmtest-tsify/example.js":{"path":"/home/travis/build/npmtest/node-npmtest-tsify/example.js","s":{"1":2,"2":2,"3":2,"4":2,"5":2,"6":2,"7":2,"8":1,"9":2,"10":2,"11":2,"12":2,"13":1,"14":2,"15":2,"16":2,"17":2,"18":2,"19":0,"20":2,"21":1,"22":1,"23":1,"24":1,"25":1,"26":0,"27":0,"28":1,"29":1,"30":2,"31":0,"32":0,"33":0,"34":1,"35":2,"36":2,"37":3,"38":3,"39":3,"40":3,"41":0,"42":3,"43":3,"44":3,"45":1,"46":3,"47":1,"48":1,"49":1,"50":1,"51":1,"52":1,"53":1,"54":1,"55":1,"56":1,"57":0,"58":1,"59":6,"60":6,"61":1,"62":2,"63":0,"64":2,"65":1,"66":1,"67":0,"68":0,"69":0,"70":0,"71":0,"72":0,"73":0,"74":0,"75":0,"76":0,"77":0,"78":0,"79":0,"80":0,"81":0,"82":0,"83":0},"b":{"1":[2,1,1,1],"2":[1,1,1,1],"3":[1,1],"4":[2,2],"5":[1,1],"6":[1,1],"7":[2,0],"8":[2,1,1,1,1,1],"9":[0,2,0],"10":[1,1],"11":[2,1,1],"12":[1,0],"13":[0,2],"14":[2,0,0,0,0,0,0],"15":[0,3],"16":[3,0],"17":[1,1],"18":[0,1],"19":[1,2,0,2],"20":[1,0],"21":[1,1],"22":[0,0],"23":[0,0],"24":[0,0],"25":[0,0],"26":[0,0],"27":[0,0],"28":[0,0]},"f":{"1":2,"2":2,"3":2,"4":2,"5":2,"6":2,"7":3,"8":3,"9":3,"10":1,"11":6,"12":0},"fnMap":{"1":{"name":"(anonymous_1)","line":26,"loc":{"start":{"line":26,"column":1},"end":{"line":26,"column":13}}},"2":{"name":"(anonymous_2)","line":33,"loc":{"start":{"line":33,"column":5},"end":{"line":33,"column":17}}},"3":{"name":"(anonymous_3)","line":37,"loc":{"start":{"line":37,"column":24},"end":{"line":37,"column":36}}},"4":{"name":"(anonymous_4)","line":69,"loc":{"start":{"line":69,"column":31},"end":{"line":69,"column":48}},"skip":true},"5":{"name":"(anonymous_5)","line":78,"loc":{"start":{"line":78,"column":26},"end":{"line":78,"column":45}},"skip":true},"6":{"name":"(anonymous_6)","line":123,"loc":{"start":{"line":123,"column":33},"end":{"line":123,"column":48}},"skip":true},"7":{"name":"(anonymous_7)","line":125,"loc":{"start":{"line":125,"column":27},"end":{"line":125,"column":39}},"skip":true},"8":{"name":"(anonymous_8)","line":133,"loc":{"start":{"line":133,"column":59},"end":{"line":133,"column":74}},"skip":true},"9":{"name":"(anonymous_9)","line":143,"loc":{"start":{"line":143,"column":45},"end":{"line":143,"column":62}},"skip":true},"10":{"name":"(anonymous_10)","line":144,"loc":{"start":{"line":144,"column":73},"end":{"line":144,"column":92}},"skip":true},"11":{"name":"(anonymous_11)","line":272,"loc":{"start":{"line":272,"column":51},"end":{"line":272,"column":77}},"skip":true},"12":{"name":"(anonymous_12)","line":315,"loc":{"start":{"line":315,"column":32},"end":{"line":315,"column":61}},"skip":true}},"statementMap":{"1":{"start":{"line":26,"column":0},"end":{"line":326,"column":5}},"2":{"start":{"line":28,"column":4},"end":{"line":28,"column":14}},"3":{"start":{"line":33,"column":4},"end":{"line":60,"column":9}},"4":{"start":{"line":35,"column":8},"end":{"line":35,"column":19}},"5":{"start":{"line":37,"column":8},"end":{"line":49,"column":13}},"6":{"start":{"line":38,"column":12},"end":{"line":48,"column":13}},"7":{"start":{"line":39,"column":16},"end":{"line":42,"column":30}},"8":{"start":{"line":44,"column":16},"end":{"line":47,"column":27}},"9":{"start":{"line":51,"column":8},"end":{"line":53,"column":21}},"10":{"start":{"line":55,"column":8},"end":{"line":57,"column":45}},"11":{"start":{"line":59,"column":8},"end":{"line":59,"column":35}},"12":{"start":{"line":61,"column":4},"end":{"line":325,"column":5}},"13":{"start":{"line":69,"column":8},"end":{"line":121,"column":10},"skip":true},"14":{"start":{"line":70,"column":12},"end":{"line":88,"column":13},"skip":true},"15":{"start":{"line":76,"column":16},"end":{"line":87,"column":19},"skip":true},"16":{"start":{"line":79,"column":20},"end":{"line":86,"column":21},"skip":true},"17":{"start":{"line":82,"column":24},"end":{"line":82,"column":43},"skip":true},"18":{"start":{"line":83,"column":24},"end":{"line":83,"column":30},"skip":true},"19":{"start":{"line":85,"column":24},"end":{"line":85,"column":49},"skip":true},"20":{"start":{"line":89,"column":12},"end":{"line":107,"column":13},"skip":true},"21":{"start":{"line":92,"column":16},"end":{"line":102,"column":17},"skip":true},"22":{"start":{"line":93,"column":20},"end":{"line":93,"column":86},"skip":true},"23":{"start":{"line":94,"column":20},"end":{"line":95,"column":45},"skip":true},"24":{"start":{"line":96,"column":20},"end":{"line":96,"column":42},"skip":true},"25":{"start":{"line":97,"column":20},"end":{"line":97,"column":48},"skip":true},"26":{"start":{"line":100,"column":20},"end":{"line":100,"column":85},"skip":true},"27":{"start":{"line":101,"column":20},"end":{"line":101,"column":96},"skip":true},"28":{"start":{"line":103,"column":16},"end":{"line":103,"column":22},"skip":true},"29":{"start":{"line":106,"column":16},"end":{"line":106,"column":22},"skip":true},"30":{"start":{"line":108,"column":12},"end":{"line":120,"column":13},"skip":true},"31":{"start":{"line":114,"column":16},"end":{"line":119,"column":17},"skip":true},"32":{"start":{"line":116,"column":20},"end":{"line":116,"column":78},"skip":true},"33":{"start":{"line":118,"column":20},"end":{"line":118,"column":47},"skip":true},"34":{"start":{"line":123,"column":8},"end":{"line":141,"column":11},"skip":true},"35":{"start":{"line":124,"column":12},"end":{"line":124,"column":54},"skip":true},"36":{"start":{"line":125,"column":12},"end":{"line":140,"column":14},"skip":true},"37":{"start":{"line":126,"column":16},"end":{"line":126,"column":28},"skip":true},"38":{"start":{"line":127,"column":16},"end":{"line":127,"column":69},"skip":true},"39":{"start":{"line":128,"column":16},"end":{"line":128,"column":75},"skip":true},"40":{"start":{"line":129,"column":16},"end":{"line":131,"column":17},"skip":true},"41":{"start":{"line":130,"column":20},"end":{"line":130,"column":27},"skip":true},"42":{"start":{"line":133,"column":16},"end":{"line":137,"column":36},"skip":true},"43":{"start":{"line":134,"column":20},"end":{"line":136,"column":55},"skip":true},"44":{"start":{"line":139,"column":16},"end":{"line":139,"column":57},"skip":true},"45":{"start":{"line":143,"column":8},"end":{"line":147,"column":11},"skip":true},"46":{"start":{"line":144,"column":12},"end":{"line":146,"column":15},"skip":true},"47":{"start":{"line":145,"column":16},"end":{"line":145,"column":70},"skip":true},"48":{"start":{"line":149,"column":8},"end":{"line":149,"column":31},"skip":true},"49":{"start":{"line":150,"column":8},"end":{"line":150,"column":14},"skip":true},"50":{"start":{"line":158,"column":8},"end":{"line":158,"column":31},"skip":true},"51":{"start":{"line":160,"column":8},"end":{"line":160,"column":33},"skip":true},"52":{"start":{"line":161,"column":8},"end":{"line":161,"column":37},"skip":true},"53":{"start":{"line":162,"column":8},"end":{"line":162,"column":35},"skip":true},"54":{"start":{"line":164,"column":8},"end":{"line":164,"column":50},"skip":true},"55":{"start":{"line":166,"column":8},"end":{"line":256,"column":2},"skip":true},"56":{"start":{"line":258,"column":8},"end":{"line":286,"column":9},"skip":true},"57":{"start":{"line":259,"column":12},"end":{"line":269,"column":14},"skip":true},"58":{"start":{"line":271,"column":12},"end":{"line":285,"column":19},"skip":true},"59":{"start":{"line":274,"column":20},"end":{"line":274,"column":35},"skip":true},"60":{"start":{"line":275,"column":20},"end":{"line":284,"column":21},"skip":true},"61":{"start":{"line":277,"column":24},"end":{"line":277,"column":64},"skip":true},"62":{"start":{"line":279,"column":24},"end":{"line":279,"column":40},"skip":true},"63":{"start":{"line":281,"column":24},"end":{"line":281,"column":40},"skip":true},"64":{"start":{"line":283,"column":24},"end":{"line":283,"column":39},"skip":true},"65":{"start":{"line":288,"column":8},"end":{"line":290,"column":9},"skip":true},"66":{"start":{"line":289,"column":12},"end":{"line":289,"column":18},"skip":true},"67":{"start":{"line":291,"column":8},"end":{"line":293,"column":54},"skip":true},"68":{"start":{"line":296,"column":8},"end":{"line":301,"column":37},"skip":true},"69":{"start":{"line":303,"column":8},"end":{"line":303,"column":82},"skip":true},"70":{"start":{"line":306,"column":8},"end":{"line":308,"column":9},"skip":true},"71":{"start":{"line":307,"column":12},"end":{"line":307,"column":82},"skip":true},"72":{"start":{"line":310,"column":8},"end":{"line":312,"column":9},"skip":true},"73":{"start":{"line":311,"column":12},"end":{"line":311,"column":18},"skip":true},"74":{"start":{"line":313,"column":8},"end":{"line":313,"column":54},"skip":true},"75":{"start":{"line":314,"column":8},"end":{"line":314,"column":69},"skip":true},"76":{"start":{"line":315,"column":8},"end":{"line":323,"column":36},"skip":true},"77":{"start":{"line":316,"column":12},"end":{"line":316,"column":61},"skip":true},"78":{"start":{"line":317,"column":12},"end":{"line":320,"column":13},"skip":true},"79":{"start":{"line":318,"column":16},"end":{"line":318,"column":75},"skip":true},"80":{"start":{"line":319,"column":16},"end":{"line":319,"column":23},"skip":true},"81":{"start":{"line":321,"column":12},"end":{"line":321,"column":38},"skip":true},"82":{"start":{"line":322,"column":12},"end":{"line":322,"column":27},"skip":true},"83":{"start":{"line":324,"column":8},"end":{"line":324,"column":14},"skip":true}},"branchMap":{"1":{"line":39,"type":"binary-expr","locations":[{"start":{"line":39,"column":23},"end":{"line":39,"column":62}},{"start":{"line":40,"column":20},"end":{"line":40,"column":70}},{"start":{"line":41,"column":20},"end":{"line":41,"column":71}},{"start":{"line":42,"column":20},"end":{"line":42,"column":29}}]},"2":{"line":44,"type":"binary-expr","locations":[{"start":{"line":44,"column":23},"end":{"line":44,"column":37}},{"start":{"line":45,"column":20},"end":{"line":45,"column":61}},{"start":{"line":46,"column":20},"end":{"line":46,"column":70}},{"start":{"line":47,"column":20},"end":{"line":47,"column":26}}]},"3":{"line":51,"type":"cond-expr","locations":[{"start":{"line":52,"column":14},"end":{"line":52,"column":20}},{"start":{"line":53,"column":14},"end":{"line":53,"column":20}}]},"4":{"line":55,"type":"binary-expr","locations":[{"start":{"line":55,"column":16},"end":{"line":55,"column":44}},{"start":{"line":55,"column":49},"end":{"line":57,"column":43}}]},"5":{"line":55,"type":"cond-expr","locations":[{"start":{"line":56,"column":14},"end":{"line":56,"column":49}},{"start":{"line":57,"column":14},"end":{"line":57,"column":43}}]},"6":{"line":61,"type":"switch","locations":[{"start":{"line":68,"column":4},"end":{"line":150,"column":14},"skip":true},{"start":{"line":156,"column":4},"end":{"line":324,"column":14},"skip":true}]},"7":{"line":70,"type":"if","locations":[{"start":{"line":70,"column":12},"end":{"line":70,"column":12},"skip":true},{"start":{"line":70,"column":12},"end":{"line":70,"column":12},"skip":true}]},"8":{"line":70,"type":"binary-expr","locations":[{"start":{"line":70,"column":16},"end":{"line":70,"column":22},"skip":true},{"start":{"line":70,"column":27},"end":{"line":70,"column":32},"skip":true},{"start":{"line":71,"column":20},"end":{"line":71,"column":39},"skip":true},{"start":{"line":72,"column":20},"end":{"line":72,"column":49},"skip":true},{"start":{"line":73,"column":20},"end":{"line":73,"column":58},"skip":true},{"start":{"line":74,"column":20},"end":{"line":74,"column":69},"skip":true}]},"9":{"line":79,"type":"switch","locations":[{"start":{"line":80,"column":20},"end":{"line":80,"column":33},"skip":true},{"start":{"line":81,"column":20},"end":{"line":83,"column":30},"skip":true},{"start":{"line":84,"column":20},"end":{"line":85,"column":49},"skip":true}]},"10":{"line":89,"type":"switch","locations":[{"start":{"line":90,"column":12},"end":{"line":103,"column":22},"skip":true},{"start":{"line":105,"column":12},"end":{"line":106,"column":22},"skip":true}]},"11":{"line":89,"type":"binary-expr","locations":[{"start":{"line":89,"column":20},"end":{"line":89,"column":25},"skip":true},{"start":{"line":89,"column":29},"end":{"line":89,"column":48},"skip":true},{"start":{"line":89,"column":52},"end":{"line":89,"column":74},"skip":true}]},"12":{"line":92,"type":"if","locations":[{"start":{"line":92,"column":16},"end":{"line":92,"column":16},"skip":true},{"start":{"line":92,"column":16},"end":{"line":92,"column":16},"skip":true}]},"13":{"line":108,"type":"if","locations":[{"start":{"line":108,"column":12},"end":{"line":108,"column":12},"skip":true},{"start":{"line":108,"column":12},"end":{"line":108,"column":12},"skip":true}]},"14":{"line":108,"type":"binary-expr","locations":[{"start":{"line":108,"column":16},"end":{"line":108,"column":61},"skip":true},{"start":{"line":108,"column":66},"end":{"line":108,"column":72},"skip":true},{"start":{"line":108,"column":77},"end":{"line":108,"column":82},"skip":true},{"start":{"line":109,"column":20},"end":{"line":109,"column":39},"skip":true},{"start":{"line":110,"column":20},"end":{"line":110,"column":49},"skip":true},{"start":{"line":111,"column":20},"end":{"line":111,"column":58},"skip":true},{"start":{"line":112,"column":20},"end":{"line":112,"column":68},"skip":true}]},"15":{"line":129,"type":"if","locations":[{"start":{"line":129,"column":16},"end":{"line":129,"column":16},"skip":true},{"start":{"line":129,"column":16},"end":{"line":129,"column":16},"skip":true}]},"16":{"line":134,"type":"cond-expr","locations":[{"start":{"line":135,"column":26},"end":{"line":135,"column":29},"skip":true},{"start":{"line":136,"column":26},"end":{"line":136,"column":54},"skip":true}]},"17":{"line":164,"type":"binary-expr","locations":[{"start":{"line":164,"column":27},"end":{"line":164,"column":43},"skip":true},{"start":{"line":164,"column":47},"end":{"line":164,"column":49},"skip":true}]},"18":{"line":258,"type":"if","locations":[{"start":{"line":258,"column":8},"end":{"line":258,"column":8},"skip":true},{"start":{"line":258,"column":8},"end":{"line":258,"column":8},"skip":true}]},"19":{"line":275,"type":"switch","locations":[{"start":{"line":276,"column":20},"end":{"line":277,"column":64},"skip":true},{"start":{"line":278,"column":20},"end":{"line":279,"column":40},"skip":true},{"start":{"line":280,"column":20},"end":{"line":281,"column":40},"skip":true},{"start":{"line":282,"column":20},"end":{"line":283,"column":39},"skip":true}]},"20":{"line":288,"type":"if","locations":[{"start":{"line":288,"column":8},"end":{"line":288,"column":8},"skip":true},{"start":{"line":288,"column":8},"end":{"line":288,"column":8},"skip":true}]},"21":{"line":288,"type":"binary-expr","locations":[{"start":{"line":288,"column":12},"end":{"line":288,"column":40},"skip":true},{"start":{"line":288,"column":44},"end":{"line":288,"column":67},"skip":true}]},"22":{"line":292,"type":"binary-expr","locations":[{"start":{"line":292,"column":12},"end":{"line":292,"column":50},"skip":true},{"start":{"line":293,"column":12},"end":{"line":293,"column":53},"skip":true}]},"23":{"line":297,"type":"binary-expr","locations":[{"start":{"line":297,"column":12},"end":{"line":297,"column":63},"skip":true},{"start":{"line":298,"column":12},"end":{"line":301,"column":36},"skip":true}]},"24":{"line":303,"type":"binary-expr","locations":[{"start":{"line":303,"column":43},"end":{"line":303,"column":75},"skip":true},{"start":{"line":303,"column":79},"end":{"line":303,"column":81},"skip":true}]},"25":{"line":306,"type":"if","locations":[{"start":{"line":306,"column":8},"end":{"line":306,"column":8},"skip":true},{"start":{"line":306,"column":8},"end":{"line":306,"column":8},"skip":true}]},"26":{"line":310,"type":"if","locations":[{"start":{"line":310,"column":8},"end":{"line":310,"column":8},"skip":true},{"start":{"line":310,"column":8},"end":{"line":310,"column":8},"skip":true}]},"27":{"line":313,"type":"binary-expr","locations":[{"start":{"line":313,"column":27},"end":{"line":313,"column":43},"skip":true},{"start":{"line":313,"column":47},"end":{"line":313,"column":53},"skip":true}]},"28":{"line":317,"type":"if","locations":[{"start":{"line":317,"column":12},"end":{"line":317,"column":12},"skip":true},{"start":{"line":317,"column":12},"end":{"line":317,"column":12},"skip":true}]}},"code":["/*","example.js","","quickstart example","","instruction","    1. save this script as example.js","    2. run the shell command:","        $ npm install npmtest-tsify && PORT=8081 node example.js","    3. play with the browser-demo on http://127.0.0.1:8081","*/","","","","/* istanbul instrument in package npmtest_tsify */","/*jslint","    bitwise: true,","    browser: true,","    maxerr: 8,","    maxlen: 96,","    node: true,","    nomen: true,","    regexp: true,","    stupid: true","*/","(function () {","    'use strict';","    var local;","","","","    // run shared js-env code - pre-init","    (function () {","        // init local","        local = {};","        // init modeJs","        local.modeJs = (function () {","            try {","                return typeof navigator.userAgent === 'string' &&","                    typeof document.querySelector('body') === 'object' &&","                    typeof XMLHttpRequest.prototype.open === 'function' &&","                    'browser';","            } catch (errorCaughtBrowser) {","                return module.exports &&","                    typeof process.versions.node === 'string' &&","                    typeof require('http').createServer === 'function' &&","                    'node';","            }","        }());","        // init global","        local.global = local.modeJs === 'browser'","            ? window","            : global;","        // init utility2_rollup","        local = local.global.utility2_rollup || (local.modeJs === 'browser'","            ? local.global.utility2_npmtest_tsify","            : global.utility2_moduleExports);","        // export local","        local.global.local = local;","    }());","    switch (local.modeJs) {","","","","    // post-init","    // run browser js-env code - post-init","    /* istanbul ignore next */","    case 'browser':","        local.testRunBrowser = function (event) {","            if (!event || (event &&","                    event.currentTarget &&","                    event.currentTarget.className &&","                    event.currentTarget.className.includes &&","                    event.currentTarget.className.includes('onreset'))) {","                // reset output","                Array.from(","                    document.querySelectorAll('body > .resettable')","                ).forEach(function (element) {","                    switch (element.tagName) {","                    case 'INPUT':","                    case 'TEXTAREA':","                        element.value = '';","                        break;","                    default:","                        element.textContent = '';","                    }","                });","            }","            switch (event && event.currentTarget && event.currentTarget.id) {","            case 'testRunButton1':","                // show tests","                if (document.querySelector('#testReportDiv1').style.display === 'none') {","                    document.querySelector('#testReportDiv1').style.display = 'block';","                    document.querySelector('#testRunButton1').textContent =","                        'hide internal test';","                    local.modeTest = true;","                    local.testRunDefault(local);","                // hide tests","                } else {","                    document.querySelector('#testReportDiv1').style.display = 'none';","                    document.querySelector('#testRunButton1').textContent = 'run internal test';","                }","                break;","            // custom-case","            default:","                break;","            }","            if (document.querySelector('#inputTextareaEval1') && (!event || (event &&","                    event.currentTarget &&","                    event.currentTarget.className &&","                    event.currentTarget.className.includes &&","                    event.currentTarget.className.includes('oneval')))) {","                // try to eval input-code","                try {","                    /*jslint evil: true*/","                    eval(document.querySelector('#inputTextareaEval1').value);","                } catch (errorCaught) {","                    console.error(errorCaught);","                }","            }","        };","        // log stderr and stdout to #outputTextareaStdout1","        ['error', 'log'].forEach(function (key) {","            console[key + '_original'] = console[key];","            console[key] = function () {","                var element;","                console[key + '_original'].apply(console, arguments);","                element = document.querySelector('#outputTextareaStdout1');","                if (!element) {","                    return;","                }","                // append text to #outputTextareaStdout1","                element.value += Array.from(arguments).map(function (arg) {","                    return typeof arg === 'string'","                        ? arg","                        : JSON.stringify(arg, null, 4);","                }).join(' ') + '\\n';","                // scroll textarea to bottom","                element.scrollTop = element.scrollHeight;","            };","        });","        // init event-handling","        ['change', 'click', 'keyup'].forEach(function (event) {","            Array.from(document.querySelectorAll('.on' + event)).forEach(function (element) {","                element.addEventListener(event, local.testRunBrowser);","            });","        });","        // run tests","        local.testRunBrowser();","        break;","","","","    // run node js-env code - post-init","    /* istanbul ignore next */","    case 'node':","        // export local","        module.exports = local;","        // require modules","        local.fs = require('fs');","        local.http = require('http');","        local.url = require('url');","        // init assets","        local.assetsDict = local.assetsDict || {};","        /* jslint-ignore-begin */","        local.assetsDict['/assets.index.template.html'] = '\\","<!doctype html>\\n\\","<html lang=\"en\">\\n\\","<head>\\n\\","<meta charset=\"UTF-8\">\\n\\","<meta name=\"viewport\" content=\"width=device-width, initial-scale=1\">\\n\\","<title>{{env.npm_package_name}} (v{{env.npm_package_version}})</title>\\n\\","<style>\\n\\","/*csslint\\n\\","    box-sizing: false,\\n\\","    universal-selector: false\\n\\","*/\\n\\","* {\\n\\","    box-sizing: border-box;\\n\\","}\\n\\","body {\\n\\","    background: #dde;\\n\\","    font-family: Arial, Helvetica, sans-serif;\\n\\","    margin: 2rem;\\n\\","}\\n\\","body > * {\\n\\","    margin-bottom: 1rem;\\n\\","}\\n\\",".utility2FooterDiv {\\n\\","    margin-top: 20px;\\n\\","    text-align: center;\\n\\","}\\n\\","</style>\\n\\","<style>\\n\\","/*csslint\\n\\","*/\\n\\","textarea {\\n\\","    font-family: monospace;\\n\\","    height: 10rem;\\n\\","    width: 100%;\\n\\","}\\n\\","textarea[readonly] {\\n\\","    background: #ddd;\\n\\","}\\n\\","</style>\\n\\","</head>\\n\\","<body>\\n\\","<!-- utility2-comment\\n\\","<div id=\"ajaxProgressDiv1\" style=\"background: #d00; height: 2px; left: 0; margin: 0; padding: 0; position: fixed; top: 0; transition: background 0.5s, width 1.5s; width: 25%;\"></div>\\n\\","utility2-comment -->\\n\\","<h1>\\n\\","<!-- utility2-comment\\n\\","    <a\\n\\","        {{#if env.npm_package_homepage}}\\n\\","        href=\"{{env.npm_package_homepage}}\"\\n\\","        {{/if env.npm_package_homepage}}\\n\\","        target=\"_blank\"\\n\\","    >\\n\\","utility2-comment -->\\n\\","        {{env.npm_package_name}} (v{{env.npm_package_version}})\\n\\","<!-- utility2-comment\\n\\","    </a>\\n\\","utility2-comment -->\\n\\","</h1>\\n\\","<h3>{{env.npm_package_description}}</h3>\\n\\","<!-- utility2-comment\\n\\","<h4><a download href=\"assets.app.js\">download standalone app</a></h4>\\n\\","<button class=\"onclick onreset\" id=\"testRunButton1\">run internal test</button><br>\\n\\","<div id=\"testReportDiv1\" style=\"display: none;\"></div>\\n\\","utility2-comment -->\\n\\","\\n\\","\\n\\","\\n\\","<label>stderr and stdout</label>\\n\\","<textarea class=\"resettable\" id=\"outputTextareaStdout1\" readonly></textarea>\\n\\","<!-- utility2-comment\\n\\","{{#if isRollup}}\\n\\","<script src=\"assets.app.js\"></script>\\n\\","{{#unless isRollup}}\\n\\","utility2-comment -->\\n\\","<script src=\"assets.utility2.rollup.js\"></script>\\n\\","<script src=\"jsonp.utility2._stateInit?callback=window.utility2._stateInit\"></script>\\n\\","<script src=\"assets.npmtest_tsify.rollup.js\"></script>\\n\\","<script src=\"assets.example.js\"></script>\\n\\","<script src=\"assets.test.js\"></script>\\n\\","<!-- utility2-comment\\n\\","{{/if isRollup}}\\n\\","utility2-comment -->\\n\\","<div class=\"utility2FooterDiv\">\\n\\","    [ this app was created with\\n\\","    <a href=\"https://github.com/kaizhu256/node-utility2\" target=\"_blank\">utility2</a>\\n\\","    ]\\n\\","</div>\\n\\","</body>\\n\\","</html>\\n\\","';","        /* jslint-ignore-end */","        if (local.templateRender) {","            local.assetsDict['/'] = local.templateRender(","                local.assetsDict['/assets.index.template.html'],","                {","                    env: local.objectSetDefault(local.env, {","                        npm_package_description: 'the greatest app in the world!',","                        npm_package_name: 'my-app',","                        npm_package_nameAlias: 'my_app',","                        npm_package_version: '0.0.1'","                    })","                }","            );","        } else {","            local.assetsDict['/'] = local.assetsDict['/assets.index.template.html']","                .replace((/\\{\\{env\\.(\\w+?)\\}\\}/g), function (match0, match1) {","                    // jslint-hack","                    String(match0);","                    switch (match1) {","                    case 'npm_package_description':","                        return 'the greatest app in the world!';","                    case 'npm_package_name':","                        return 'my-app';","                    case 'npm_package_nameAlias':","                        return 'my_app';","                    case 'npm_package_version':","                        return '0.0.1';","                    }","                });","        }","        // run the cli","        if (local.global.utility2_rollup || module !== require.main) {","            break;","        }","        local.assetsDict['/assets.example.js'] =","            local.assetsDict['/assets.example.js'] ||","            local.fs.readFileSync(__filename, 'utf8');","        // bug-workaround - long $npm_package_buildCustomOrg","        /* jslint-ignore-begin */","        local.assetsDict['/assets.npmtest_tsify.rollup.js'] =","            local.assetsDict['/assets.npmtest_tsify.rollup.js'] ||","            local.fs.readFileSync(","                local.npmtest_tsify.__dirname + '/lib.npmtest_tsify.js',","                'utf8'","            ).replace((/^#!/), '//');","        /* jslint-ignore-end */","        local.assetsDict['/favicon.ico'] = local.assetsDict['/favicon.ico'] || '';","        // if $npm_config_timeout_exit exists,","        // then exit this process after $npm_config_timeout_exit ms","        if (Number(process.env.npm_config_timeout_exit)) {","            setTimeout(process.exit, Number(process.env.npm_config_timeout_exit));","        }","        // start server","        if (local.global.utility2_serverHttp1) {","            break;","        }","        process.env.PORT = process.env.PORT || '8081';","        console.error('server starting on port ' + process.env.PORT);","        local.http.createServer(function (request, response) {","            request.urlParsed = local.url.parse(request.url);","            if (local.assetsDict[request.urlParsed.pathname] !== undefined) {","                response.end(local.assetsDict[request.urlParsed.pathname]);","                return;","            }","            response.statusCode = 404;","            response.end();","        }).listen(process.env.PORT);","        break;","    }","}());",""],"l":{"26":2,"28":2,"33":2,"35":2,"37":2,"38":2,"39":2,"44":1,"51":2,"55":2,"59":2,"61":2,"69":1,"70":2,"76":2,"79":2,"82":2,"83":2,"85":1,"89":2,"92":1,"93":1,"94":1,"96":1,"97":1,"100":1,"101":1,"103":1,"106":1,"108":2,"114":1,"116":1,"118":1,"123":1,"124":2,"125":2,"126":3,"127":3,"128":3,"129":3,"130":1,"133":3,"134":3,"139":3,"143":1,"144":3,"145":1,"149":1,"150":1,"158":1,"160":1,"161":1,"162":1,"164":1,"166":1,"258":1,"259":1,"271":1,"274":6,"275":6,"277":1,"279":2,"281":1,"283":2,"288":1,"289":1,"291":1,"296":1,"303":1,"306":1,"307":1,"310":1,"311":1,"313":1,"314":1,"315":1,"316":1,"317":1,"318":1,"319":1,"321":1,"322":1,"324":1}},"/home/travis/build/npmtest/node-npmtest-tsify/node_modules/tsify/index.js":{"path":"/home/travis/build/npmtest/node-npmtest-tsify/node_modules/tsify/index.js","s":{"1":1,"2":1,"3":1,"4":1,"5":1,"6":0,"7":0,"8":0,"9":0,"10":0,"11":0,"12":0,"13":0,"14":0,"15":0,"16":0,"17":0,"18":0,"19":0,"20":0,"21":0,"22":1,"23":0,"24":0,"25":0,"26":0,"27":0,"28":1,"29":0,"30":0,"31":1,"32":0,"33":0,"34":1,"35":0,"36":0,"37":0,"38":0,"39":0,"40":0,"41":0,"42":0,"43":0,"44":0,"45":0,"46":0,"47":0,"48":0,"49":0,"50":0,"51":0,"52":0,"53":0,"54":0,"55":0,"56":0,"57":0,"58":0,"59":0,"60":0,"61":0,"62":0,"63":0,"64":1},"b":{"1":[0,0],"2":[0,0],"3":[0,0],"4":[0,0],"5":[0,0],"6":[0,0],"7":[0,0],"8":[0,0],"9":[0,0],"10":[0,0],"11":[0,0],"12":[0,0],"13":[0,0],"14":[0,0]},"f":{"1":0,"2":0,"3":0,"4":0,"5":0,"6":0,"7":0,"8":0,"9":0,"10":0,"11":0,"12":0,"13":0,"14":0},"fnMap":{"1":{"name":"tsify","line":8,"loc":{"start":{"line":8,"column":0},"end":{"line":8,"column":24}}},"2":{"name":"(anonymous_2)","line":21,"loc":{"start":{"line":21,"column":21},"end":{"line":21,"column":38}}},"3":{"name":"(anonymous_3)","line":24,"loc":{"start":{"line":24,"column":20},"end":{"line":24,"column":40}}},"4":{"name":"(anonymous_4)","line":35,"loc":{"start":{"line":35,"column":15},"end":{"line":35,"column":27}}},"5":{"name":"setupPipeline","line":39,"loc":{"start":{"line":39,"column":1},"end":{"line":39,"column":26}}},"6":{"name":"gatherEntryPoints","line":49,"loc":{"start":{"line":49,"column":1},"end":{"line":49,"column":30}}},"7":{"name":"transform","line":53,"loc":{"start":{"line":53,"column":2},"end":{"line":53,"column":37}}},"8":{"name":"flush","line":58,"loc":{"start":{"line":58,"column":2},"end":{"line":58,"column":23}}},"9":{"name":"(anonymous_9)","line":62,"loc":{"start":{"line":62,"column":9},"end":{"line":62,"column":24}}},"10":{"name":"(anonymous_10)","line":77,"loc":{"start":{"line":77,"column":12},"end":{"line":77,"column":28}}},"11":{"name":"(anonymous_11)","line":78,"loc":{"start":{"line":78,"column":9},"end":{"line":78,"column":25}}},"12":{"name":"(anonymous_12)","line":81,"loc":{"start":{"line":81,"column":23},"end":{"line":81,"column":39}}},"13":{"name":"(anonymous_13)","line":85,"loc":{"start":{"line":85,"column":25},"end":{"line":85,"column":41}}},"14":{"name":"(anonymous_14)","line":89,"loc":{"start":{"line":89,"column":16},"end":{"line":89,"column":31}}}},"statementMap":{"1":{"start":{"line":3,"column":0},"end":{"line":3,"column":38}},"2":{"start":{"line":4,"column":0},"end":{"line":4,"column":67}},"3":{"start":{"line":5,"column":0},"end":{"line":5,"column":35}},"4":{"start":{"line":6,"column":0},"end":{"line":6,"column":31}},"5":{"start":{"line":8,"column":0},"end":{"line":94,"column":1}},"6":{"start":{"line":10,"column":1},"end":{"line":12,"column":2}},"7":{"start":{"line":11,"column":2},"end":{"line":11,"column":110}},"8":{"start":{"line":13,"column":1},"end":{"line":13,"column":51}},"9":{"start":{"line":14,"column":1},"end":{"line":16,"column":2}},"10":{"start":{"line":15,"column":2},"end":{"line":15,"column":19}},"11":{"start":{"line":18,"column":1},"end":{"line":18,"column":44}},"12":{"start":{"line":19,"column":1},"end":{"line":19,"column":45}},"13":{"start":{"line":21,"column":1},"end":{"line":23,"column":4}},"14":{"start":{"line":22,"column":2},"end":{"line":22,"column":34}},"15":{"start":{"line":24,"column":1},"end":{"line":26,"column":4}},"16":{"start":{"line":25,"column":2},"end":{"line":25,"column":27}},"17":{"start":{"line":28,"column":1},"end":{"line":28,"column":17}},"18":{"start":{"line":30,"column":1},"end":{"line":32,"column":3}},"19":{"start":{"line":33,"column":1},"end":{"line":33,"column":61}},"20":{"start":{"line":35,"column":1},"end":{"line":37,"column":4}},"21":{"start":{"line":36,"column":2},"end":{"line":36,"column":18}},"22":{"start":{"line":39,"column":1},"end":{"line":47,"column":2}},"23":{"start":{"line":40,"column":2},"end":{"line":41,"column":33}},"24":{"start":{"line":41,"column":3},"end":{"line":41,"column":33}},"25":{"start":{"line":43,"column":2},"end":{"line":44,"column":32}},"26":{"start":{"line":44,"column":3},"end":{"line":44,"column":32}},"27":{"start":{"line":46,"column":2},"end":{"line":46,"column":53}},"28":{"start":{"line":49,"column":1},"end":{"line":93,"column":2}},"29":{"start":{"line":50,"column":2},"end":{"line":50,"column":16}},"30":{"start":{"line":51,"column":2},"end":{"line":51,"column":39}},"31":{"start":{"line":53,"column":2},"end":{"line":56,"column":3}},"32":{"start":{"line":54,"column":3},"end":{"line":54,"column":18}},"33":{"start":{"line":55,"column":3},"end":{"line":55,"column":10}},"34":{"start":{"line":58,"column":2},"end":{"line":92,"column":3}},"35":{"start":{"line":59,"column":3},"end":{"line":59,"column":19}},"36":{"start":{"line":60,"column":3},"end":{"line":60,"column":25}},"37":{"start":{"line":61,"column":3},"end":{"line":78,"column":66}},"38":{"start":{"line":63,"column":5},"end":{"line":63,"column":35}},"39":{"start":{"line":64,"column":5},"end":{"line":74,"column":6}},"40":{"start":{"line":65,"column":6},"end":{"line":73,"column":7}},"41":{"start":{"line":66,"column":7},"end":{"line":66,"column":31}},"42":{"start":{"line":67,"column":13},"end":{"line":73,"column":7}},"43":{"start":{"line":68,"column":7},"end":{"line":68,"column":46}},"44":{"start":{"line":69,"column":13},"end":{"line":73,"column":7}},"45":{"start":{"line":70,"column":7},"end":{"line":70,"column":19}},"46":{"start":{"line":72,"column":7},"end":{"line":72,"column":31}},"47":{"start":{"line":75,"column":5},"end":{"line":75,"column":17}},"48":{"start":{"line":77,"column":30},"end":{"line":77,"column":42}},"49":{"start":{"line":78,"column":27},"end":{"line":78,"column":62}},"50":{"start":{"line":79,"column":3},"end":{"line":82,"column":4}},"51":{"start":{"line":80,"column":4},"end":{"line":80,"column":47}},"52":{"start":{"line":81,"column":4},"end":{"line":81,"column":63}},"53":{"start":{"line":81,"column":41},"end":{"line":81,"column":59}},"54":{"start":{"line":83,"column":3},"end":{"line":86,"column":4}},"55":{"start":{"line":84,"column":4},"end":{"line":84,"column":44}},"56":{"start":{"line":85,"column":4},"end":{"line":85,"column":65}},"57":{"start":{"line":85,"column":43},"end":{"line":85,"column":61}},"58":{"start":{"line":87,"column":3},"end":{"line":87,"column":19}},"59":{"start":{"line":88,"column":3},"end":{"line":88,"column":51}},"60":{"start":{"line":89,"column":3},"end":{"line":89,"column":52}},"61":{"start":{"line":89,"column":33},"end":{"line":89,"column":48}},"62":{"start":{"line":90,"column":3},"end":{"line":90,"column":19}},"63":{"start":{"line":91,"column":3},"end":{"line":91,"column":10}},"64":{"start":{"line":96,"column":0},"end":{"line":96,"column":23}}},"branchMap":{"1":{"line":10,"type":"if","locations":[{"start":{"line":10,"column":1},"end":{"line":10,"column":1}},{"start":{"line":10,"column":1},"end":{"line":10,"column":1}}]},"2":{"line":13,"type":"binary-expr","locations":[{"start":{"line":13,"column":10},"end":{"line":13,"column":25}},{"start":{"line":13,"column":29},"end":{"line":13,"column":50}}]},"3":{"line":14,"type":"if","locations":[{"start":{"line":14,"column":1},"end":{"line":14,"column":1}},{"start":{"line":14,"column":1},"end":{"line":14,"column":1}}]},"4":{"line":14,"type":"binary-expr","locations":[{"start":{"line":14,"column":5},"end":{"line":14,"column":27}},{"start":{"line":14,"column":31},"end":{"line":14,"column":51}}]},"5":{"line":40,"type":"if","locations":[{"start":{"line":40,"column":2},"end":{"line":40,"column":2}},{"start":{"line":40,"column":2},"end":{"line":40,"column":2}}]},"6":{"line":40,"type":"binary-expr","locations":[{"start":{"line":40,"column":6},"end":{"line":40,"column":22}},{"start":{"line":40,"column":26},"end":{"line":40,"column":62}}]},"7":{"line":43,"type":"if","locations":[{"start":{"line":43,"column":2},"end":{"line":43,"column":2}},{"start":{"line":43,"column":2},"end":{"line":43,"column":2}}]},"8":{"line":63,"type":"binary-expr","locations":[{"start":{"line":63,"column":16},"end":{"line":63,"column":24}},{"start":{"line":63,"column":28},"end":{"line":63,"column":34}}]},"9":{"line":64,"type":"if","locations":[{"start":{"line":64,"column":5},"end":{"line":64,"column":5}},{"start":{"line":64,"column":5},"end":{"line":64,"column":5}}]},"10":{"line":65,"type":"if","locations":[{"start":{"line":65,"column":6},"end":{"line":65,"column":6}},{"start":{"line":65,"column":6},"end":{"line":65,"column":6}}]},"11":{"line":67,"type":"if","locations":[{"start":{"line":67,"column":13},"end":{"line":67,"column":13}},{"start":{"line":67,"column":13},"end":{"line":67,"column":13}}]},"12":{"line":69,"type":"if","locations":[{"start":{"line":69,"column":13},"end":{"line":69,"column":13}},{"start":{"line":69,"column":13},"end":{"line":69,"column":13}}]},"13":{"line":79,"type":"if","locations":[{"start":{"line":79,"column":3},"end":{"line":79,"column":3}},{"start":{"line":79,"column":3},"end":{"line":79,"column":3}}]},"14":{"line":83,"type":"if","locations":[{"start":{"line":83,"column":3},"end":{"line":83,"column":3}},{"start":{"line":83,"column":3},"end":{"line":83,"column":3}}]}},"code":["'use strict';","","var realpath = require('fs.realpath');","var log      = require('util').debuglog(require('./package').name);","var through  = require('through2');","var path     = require('path');","","function tsify(b, opts) {","","\tif (typeof b === 'string') {","\t\tthrow new Error('tsify appears to have been configured as a transform; it must be configured as a plugin.');","\t}","\tvar ts = opts.typescript || require('typescript');","\tif (typeof ts === 'string' || ts instanceof String) {","\t\tts = require(ts);","\t}","","\tvar Tsifier = require('./lib/Tsifier')(ts);","\tvar tsifier = new Tsifier(opts, b._options);","","\ttsifier.on('error', function (error) {","\t\tb.pipeline.emit('error', error);","\t});","\ttsifier.on('file', function (file, id) {","\t\tb.emit('file', file, id);","\t});","","\tsetupPipeline();","","\tvar transformOpts = {","\t\tglobal: opts.global","\t};","\tb.transform(tsifier.transform.bind(tsifier), transformOpts);","","\tb.on('reset', function () {","\t\tsetupPipeline();","\t});","","\tfunction setupPipeline() {","\t\tif (tsifier.opts.jsx && b._extensions.indexOf('.tsx') === -1)","\t\t\tb._extensions.unshift('.tsx');","","\t\tif (b._extensions.indexOf('.ts') === -1)","\t\t\tb._extensions.unshift('.ts');","","\t\tb.pipeline.get('record').push(gatherEntryPoints());","\t}","","\tfunction gatherEntryPoints() {","\t\tvar rows = [];","\t\treturn through.obj(transform, flush);","","\t\tfunction transform(row, enc, next) {","\t\t\trows.push(row);","\t\t\tnext();","\t\t}","","\t\tfunction flush(next) {","\t\t\tvar self = this;","\t\t\tvar ignoredFiles = [];","\t\t\tvar entryFiles = rows","\t\t\t\t.map(function (row) {","\t\t\t\t\tvar file = row.file || row.id;","\t\t\t\t\tif (file) {","\t\t\t\t\t\tif (row.source !== undefined) {","\t\t\t\t\t\t\tignoredFiles.push(file);","\t\t\t\t\t\t} else if (row.basedir) {","\t\t\t\t\t\t\treturn path.resolve(row.basedir, file);","\t\t\t\t\t\t} else if (path.isAbsolute(file)) {","\t\t\t\t\t\t\treturn file;","\t\t\t\t\t\t} else {","\t\t\t\t\t\t\tignoredFiles.push(file);","\t\t\t\t\t\t}","\t\t\t\t\t}","\t\t\t\t\treturn null;","\t\t\t\t})","\t\t\t\t.filter(function (file) { return file; })","\t\t\t\t.map(function (file) { return realpath.realpathSync(file); });","\t\t\tif (entryFiles.length) {","\t\t\t\tlog('Files from browserify entry points:');","\t\t\t\tentryFiles.forEach(function (file) { log('  %s', file); });","\t\t\t}","\t\t\tif (ignoredFiles.length) {","\t\t\t\tlog('Ignored browserify entry points:');","\t\t\t\tignoredFiles.forEach(function (file) { log('  %s', file); });","\t\t\t}","\t\t\ttsifier.reset();","\t\t\ttsifier.generateCache(entryFiles, ignoredFiles);","\t\t\trows.forEach(function (row) { self.push(row); });","\t\t\tself.push(null);","\t\t\tnext();","\t\t}","\t}","}","","module.exports = tsify;",""],"l":{"3":1,"4":1,"5":1,"6":1,"8":1,"10":0,"11":0,"13":0,"14":0,"15":0,"18":0,"19":0,"21":0,"22":0,"24":0,"25":0,"28":0,"30":0,"33":0,"35":0,"36":0,"39":1,"40":0,"41":0,"43":0,"44":0,"46":0,"49":1,"50":0,"51":0,"53":1,"54":0,"55":0,"58":1,"59":0,"60":0,"61":0,"63":0,"64":0,"65":0,"66":0,"67":0,"68":0,"69":0,"70":0,"72":0,"75":0,"77":0,"78":0,"79":0,"80":0,"81":0,"83":0,"84":0,"85":0,"87":0,"88":0,"89":0,"90":0,"91":0,"96":1}},"/home/travis/build/npmtest/node-npmtest-tsify/node_modules/tsify/lib/CompileError.js":{"path":"/home/travis/build/npmtest/node-npmtest-tsify/node_modules/tsify/lib/CompileError.js","s":{"1":1,"2":1,"3":1,"4":0,"5":0,"6":0,"7":0,"8":0,"9":0,"10":0,"11":0,"12":0,"13":0,"14":0,"15":0,"16":0},"b":{"1":[0,0]},"f":{"1":0,"2":0},"fnMap":{"1":{"name":"(anonymous_1)","line":5,"loc":{"start":{"line":5,"column":17},"end":{"line":5,"column":31}}},"2":{"name":"CompileError","line":6,"loc":{"start":{"line":6,"column":1},"end":{"line":6,"column":35}}}},"statementMap":{"1":{"start":{"line":3,"column":0},"end":{"line":3,"column":23}},"2":{"start":{"line":5,"column":0},"end":{"line":28,"column":2}},"3":{"start":{"line":6,"column":1},"end":{"line":23,"column":2}},"4":{"start":{"line":7,"column":2},"end":{"line":7,"column":25}},"5":{"start":{"line":9,"column":2},"end":{"line":9,"column":20}},"6":{"start":{"line":11,"column":2},"end":{"line":17,"column":3}},"7":{"start":{"line":12,"column":3},"end":{"line":12,"column":81}},"8":{"start":{"line":13,"column":3},"end":{"line":13,"column":44}},"9":{"start":{"line":14,"column":3},"end":{"line":14,"column":28}},"10":{"start":{"line":15,"column":3},"end":{"line":15,"column":35}},"11":{"start":{"line":16,"column":3},"end":{"line":16,"column":79}},"12":{"start":{"line":19,"column":2},"end":{"line":19,"column":60}},"13":{"start":{"line":20,"column":2},"end":{"line":20,"column":33}},"14":{"start":{"line":21,"column":2},"end":{"line":22,"column":67}},"15":{"start":{"line":25,"column":1},"end":{"line":25,"column":63}},"16":{"start":{"line":27,"column":1},"end":{"line":27,"column":21}}},"branchMap":{"1":{"line":11,"type":"if","locations":[{"start":{"line":11,"column":2},"end":{"line":11,"column":2}},{"start":{"line":11,"column":2},"end":{"line":11,"column":2}}]}},"code":["'use strict';","","var os = require('os');","","module.exports = function (ts) {","\tfunction CompileError(diagnostic) {","\t\tSyntaxError.call(this);","","\t\tthis.message = '';","","\t\tif (diagnostic.file) {","\t\t\tvar loc = ts.getLineAndCharacterOfPosition(diagnostic.file, diagnostic.start);","\t\t\tthis.fileName = diagnostic.file.fileName;","\t\t\tthis.line = loc.line + 1;","\t\t\tthis.column = loc.character + 1;","\t\t\tthis.message += this.fileName + '(' + this.line + ',' + this.column + '): ';","\t\t}","","\t\tvar category = ts.DiagnosticCategory[diagnostic.category];","\t\tthis.name = 'TypeScript error';","\t\tthis.message += category + ' TS' + diagnostic.code + ': ' +","\t\t\tts.flattenDiagnosticMessageText(diagnostic.messageText, os.EOL);","\t}","","\tCompileError.prototype = Object.create(SyntaxError.prototype);","","\treturn CompileError;","};",""],"l":{"3":1,"5":1,"6":1,"7":0,"9":0,"11":0,"12":0,"13":0,"14":0,"15":0,"16":0,"19":0,"20":0,"21":0,"25":0,"27":0}},"/home/travis/build/npmtest/node-npmtest-tsify/node_modules/tsify/lib/Host.js":{"path":"/home/travis/build/npmtest/node-npmtest-tsify/node_modules/tsify/lib/Host.js","s":{"1":1,"2":1,"3":1,"4":1,"5":1,"6":1,"7":1,"8":1,"9":1,"10":1,"11":0,"12":0,"13":0,"14":0,"15":0,"16":0,"17":0,"18":1,"19":0,"20":0,"21":0,"22":0,"23":0,"24":0,"25":0,"26":0,"27":0,"28":0,"29":0,"30":0,"31":0,"32":0,"33":0,"34":0,"35":0,"36":0,"37":0,"38":0,"39":0,"40":0,"41":0,"42":0,"43":0,"44":0,"45":0,"46":0,"47":0,"48":0,"49":0,"50":0,"51":0,"52":0,"53":0,"54":0,"55":0,"56":0,"57":0,"58":0,"59":0,"60":0,"61":0,"62":0,"63":0,"64":0,"65":0,"66":0,"67":0,"68":0,"69":0,"70":0,"71":0,"72":0,"73":0,"74":0,"75":0,"76":0,"77":0,"78":0,"79":0,"80":0,"81":0,"82":0,"83":0,"84":0,"85":0,"86":0,"87":0,"88":0,"89":0,"90":0,"91":0,"92":0,"93":0,"94":0,"95":0,"96":0,"97":0,"98":0,"99":0,"100":0,"101":0,"102":0,"103":0,"104":0,"105":0,"106":0,"107":0,"108":0,"109":0,"110":0,"111":0,"112":0,"113":0,"114":0,"115":0,"116":0,"117":0,"118":0,"119":0,"120":0,"121":0,"122":0,"123":0,"124":0,"125":0,"126":0,"127":0,"128":0,"129":0,"130":0,"131":0,"132":0,"133":0,"134":0,"135":0,"136":0,"137":0,"138":0,"139":0,"140":0,"141":0,"142":0,"143":0,"144":0,"145":0,"146":0,"147":0,"148":0,"149":0,"150":0,"151":0,"152":0,"153":0,"154":0,"155":0,"156":0,"157":0,"158":0,"159":0,"160":0,"161":0,"162":0,"163":0,"164":0,"165":0,"166":0,"167":0,"168":0},"b":{"1":[0,0],"2":[0,0],"3":[0,0],"4":[0,0],"5":[0,0],"6":[0,0],"7":[0,0],"8":[0,0],"9":[0,0],"10":[0,0],"11":[0,0],"12":[0,0],"13":[0,0],"14":[0,0],"15":[0,0],"16":[0,0],"17":[0,0],"18":[0,0]},"f":{"1":0,"2":0,"3":0,"4":0,"5":0,"6":0,"7":0,"8":0,"9":0,"10":0,"11":0,"12":0,"13":0,"14":0,"15":0,"16":0,"17":0,"18":0,"19":0,"20":0,"21":0,"22":0,"23":0,"24":0,"25":0,"26":0,"27":0},"fnMap":{"1":{"name":"(anonymous_1)","line":13,"loc":{"start":{"line":13,"column":17},"end":{"line":13,"column":31}}},"2":{"name":"Host","line":26,"loc":{"start":{"line":26,"column":1},"end":{"line":26,"column":39}}},"3":{"name":"(anonymous_3)","line":41,"loc":{"start":{"line":41,"column":25},"end":{"line":41,"column":37}}},"4":{"name":"(anonymous_4)","line":51,"loc":{"start":{"line":51,"column":27},"end":{"line":51,"column":53}}},"5":{"name":"(anonymous_5)","line":103,"loc":{"start":{"line":103,"column":32},"end":{"line":103,"column":52}}},"6":{"name":"(anonymous_6)","line":114,"loc":{"start":{"line":114,"column":40},"end":{"line":114,"column":52}}},"7":{"name":"(anonymous_7)","line":120,"loc":{"start":{"line":120,"column":28},"end":{"line":120,"column":54}}},"8":{"name":"(anonymous_8)","line":136,"loc":{"start":{"line":136,"column":38},"end":{"line":136,"column":50}}},"9":{"name":"(anonymous_9)","line":140,"loc":{"start":{"line":140,"column":29},"end":{"line":140,"column":49}}},"10":{"name":"(anonymous_10)","line":146,"loc":{"start":{"line":146,"column":34},"end":{"line":146,"column":46}}},"11":{"name":"(anonymous_11)","line":152,"loc":{"start":{"line":152,"column":29},"end":{"line":152,"column":41}}},"12":{"name":"(anonymous_12)","line":156,"loc":{"start":{"line":156,"column":29},"end":{"line":156,"column":49}}},"13":{"name":"(anonymous_13)","line":160,"loc":{"start":{"line":160,"column":27},"end":{"line":160,"column":47}}},"14":{"name":"(anonymous_14)","line":164,"loc":{"start":{"line":164,"column":34},"end":{"line":164,"column":53}}},"15":{"name":"(anonymous_15)","line":168,"loc":{"start":{"line":168,"column":33},"end":{"line":168,"column":52}}},"16":{"name":"(anonymous_16)","line":172,"loc":{"start":{"line":172,"column":41},"end":{"line":172,"column":57}}},"17":{"name":"(anonymous_17)","line":176,"loc":{"start":{"line":176,"column":27},"end":{"line":176,"column":43}}},"18":{"name":"(anonymous_18)","line":180,"loc":{"start":{"line":180,"column":24},"end":{"line":180,"column":43}}},"19":{"name":"(anonymous_19)","line":184,"loc":{"start":{"line":184,"column":33},"end":{"line":184,"column":45}}},"20":{"name":"(anonymous_20)","line":196,"loc":{"start":{"line":196,"column":39},"end":{"line":196,"column":51}}},"21":{"name":"(anonymous_21)","line":208,"loc":{"start":{"line":208,"column":27},"end":{"line":208,"column":43}}},"22":{"name":"(anonymous_22)","line":214,"loc":{"start":{"line":214,"column":24},"end":{"line":214,"column":40}}},"23":{"name":"(anonymous_23)","line":224,"loc":{"start":{"line":224,"column":26},"end":{"line":224,"column":46}}},"24":{"name":"(anonymous_24)","line":236,"loc":{"start":{"line":236,"column":29},"end":{"line":236,"column":49}}},"25":{"name":"(anonymous_25)","line":243,"loc":{"start":{"line":243,"column":40},"end":{"line":243,"column":60}}},"26":{"name":"(anonymous_26)","line":257,"loc":{"start":{"line":257,"column":40},"end":{"line":257,"column":60}}},"27":{"name":"(anonymous_27)","line":271,"loc":{"start":{"line":271,"column":26},"end":{"line":271,"column":46}}}},"statementMap":{"1":{"start":{"line":3,"column":0},"end":{"line":3,"column":34}},"2":{"start":{"line":4,"column":0},"end":{"line":4,"column":30}},"3":{"start":{"line":5,"column":0},"end":{"line":5,"column":39}},"4":{"start":{"line":6,"column":0},"end":{"line":6,"column":69}},"5":{"start":{"line":7,"column":0},"end":{"line":7,"column":80}},"6":{"start":{"line":8,"column":0},"end":{"line":8,"column":30}},"7":{"start":{"line":9,"column":0},"end":{"line":9,"column":32}},"8":{"start":{"line":10,"column":0},"end":{"line":10,"column":32}},"9":{"start":{"line":11,"column":0},"end":{"line":11,"column":34}},"10":{"start":{"line":13,"column":0},"end":{"line":294,"column":2}},"11":{"start":{"line":15,"column":1},"end":{"line":15,"column":19}},"12":{"start":{"line":17,"column":1},"end":{"line":23,"column":2}},"13":{"start":{"line":18,"column":2},"end":{"line":18,"column":98}},"14":{"start":{"line":19,"column":2},"end":{"line":19,"column":24}},"15":{"start":{"line":21,"column":2},"end":{"line":21,"column":53}},"16":{"start":{"line":22,"column":2},"end":{"line":22,"column":23}},"17":{"start":{"line":24,"column":1},"end":{"line":24,"column":82}},"18":{"start":{"line":26,"column":1},"end":{"line":37,"column":2}},"19":{"start":{"line":28,"column":2},"end":{"line":28,"column":84}},"20":{"start":{"line":29,"column":2},"end":{"line":29,"column":78}},"21":{"start":{"line":30,"column":2},"end":{"line":30,"column":77}},"22":{"start":{"line":31,"column":2},"end":{"line":31,"column":37}},"23":{"start":{"line":32,"column":2},"end":{"line":32,"column":18}},"24":{"start":{"line":33,"column":2},"end":{"line":33,"column":26}},"25":{"start":{"line":34,"column":2},"end":{"line":34,"column":19}},"26":{"start":{"line":35,"column":2},"end":{"line":35,"column":19}},"27":{"start":{"line":36,"column":2},"end":{"line":36,"column":21}},"28":{"start":{"line":39,"column":1},"end":{"line":39,"column":42}},"29":{"start":{"line":41,"column":1},"end":{"line":49,"column":3}},"30":{"start":{"line":42,"column":2},"end":{"line":42,"column":34}},"31":{"start":{"line":43,"column":2},"end":{"line":43,"column":18}},"32":{"start":{"line":44,"column":2},"end":{"line":44,"column":19}},"33":{"start":{"line":45,"column":2},"end":{"line":45,"column":21}},"34":{"start":{"line":46,"column":2},"end":{"line":46,"column":17}},"35":{"start":{"line":48,"column":2},"end":{"line":48,"column":46}},"36":{"start":{"line":51,"column":1},"end":{"line":101,"column":3}},"37":{"start":{"line":57,"column":2},"end":{"line":60,"column":5}},"38":{"start":{"line":61,"column":2},"end":{"line":61,"column":44}},"39":{"start":{"line":62,"column":2},"end":{"line":62,"column":33}},"40":{"start":{"line":64,"column":2},"end":{"line":64,"column":11}},"41":{"start":{"line":65,"column":2},"end":{"line":69,"column":3}},"42":{"start":{"line":66,"column":3},"end":{"line":66,"column":45}},"43":{"start":{"line":68,"column":3},"end":{"line":68,"column":10}},"44":{"start":{"line":71,"column":2},"end":{"line":71,"column":11}},"45":{"start":{"line":72,"column":2},"end":{"line":72,"column":38}},"46":{"start":{"line":73,"column":2},"end":{"line":73,"column":47}},"47":{"start":{"line":74,"column":2},"end":{"line":74,"column":14}},"48":{"start":{"line":76,"column":2},"end":{"line":88,"column":3}},"49":{"start":{"line":77,"column":3},"end":{"line":77,"column":21}},"50":{"start":{"line":78,"column":3},"end":{"line":78,"column":29}},"51":{"start":{"line":79,"column":3},"end":{"line":79,"column":68}},"52":{"start":{"line":80,"column":9},"end":{"line":88,"column":3}},"53":{"start":{"line":81,"column":3},"end":{"line":81,"column":22}},"54":{"start":{"line":82,"column":3},"end":{"line":82,"column":30}},"55":{"start":{"line":83,"column":3},"end":{"line":83,"column":69}},"56":{"start":{"line":85,"column":3},"end":{"line":85,"column":74}},"57":{"start":{"line":86,"column":3},"end":{"line":86,"column":26}},"58":{"start":{"line":87,"column":3},"end":{"line":87,"column":75}},"59":{"start":{"line":90,"column":2},"end":{"line":97,"column":4}},"60":{"start":{"line":98,"column":2},"end":{"line":98,"column":41}},"61":{"start":{"line":100,"column":2},"end":{"line":100,"column":14}},"62":{"start":{"line":103,"column":1},"end":{"line":112,"column":3}},"63":{"start":{"line":104,"column":2},"end":{"line":106,"column":3}},"64":{"start":{"line":105,"column":3},"end":{"line":105,"column":26}},"65":{"start":{"line":107,"column":2},"end":{"line":107,"column":44}},"66":{"start":{"line":108,"column":2},"end":{"line":110,"column":3}},"67":{"start":{"line":109,"column":3},"end":{"line":109,"column":35}},"68":{"start":{"line":111,"column":2},"end":{"line":111,"column":40}},"69":{"start":{"line":114,"column":1},"end":{"line":118,"column":3}},"70":{"start":{"line":115,"column":2},"end":{"line":115,"column":60}},"71":{"start":{"line":116,"column":2},"end":{"line":116,"column":75}},"72":{"start":{"line":117,"column":2},"end":{"line":117,"column":58}},"73":{"start":{"line":120,"column":1},"end":{"line":134,"column":3}},"74":{"start":{"line":122,"column":2},"end":{"line":122,"column":50}},"75":{"start":{"line":123,"column":2},"end":{"line":123,"column":41}},"76":{"start":{"line":124,"column":2},"end":{"line":124,"column":38}},"77":{"start":{"line":126,"column":2},"end":{"line":126,"column":68}},"78":{"start":{"line":127,"column":2},"end":{"line":127,"column":106}},"79":{"start":{"line":129,"column":2},"end":{"line":133,"column":3}},"80":{"start":{"line":130,"column":3},"end":{"line":130,"column":64}},"81":{"start":{"line":131,"column":3},"end":{"line":131,"column":53}},"82":{"start":{"line":132,"column":3},"end":{"line":132,"column":39}},"83":{"start":{"line":136,"column":1},"end":{"line":138,"column":3}},"84":{"start":{"line":137,"column":2},"end":{"line":137,"column":31}},"85":{"start":{"line":140,"column":1},"end":{"line":142,"column":3}},"86":{"start":{"line":141,"column":2},"end":{"line":141,"column":80}},"87":{"start":{"line":144,"column":1},"end":{"line":144,"column":65}},"88":{"start":{"line":146,"column":1},"end":{"line":148,"column":3}},"89":{"start":{"line":147,"column":2},"end":{"line":147,"column":23}},"90":{"start":{"line":150,"column":1},"end":{"line":150,"column":75}},"91":{"start":{"line":152,"column":1},"end":{"line":154,"column":3}},"92":{"start":{"line":153,"column":2},"end":{"line":153,"column":16}},"93":{"start":{"line":156,"column":1},"end":{"line":158,"column":3}},"94":{"start":{"line":157,"column":2},"end":{"line":157,"column":37}},"95":{"start":{"line":160,"column":1},"end":{"line":162,"column":3}},"96":{"start":{"line":161,"column":2},"end":{"line":161,"column":35}},"97":{"start":{"line":164,"column":1},"end":{"line":166,"column":3}},"98":{"start":{"line":165,"column":2},"end":{"line":165,"column":41}},"99":{"start":{"line":168,"column":1},"end":{"line":170,"column":3}},"100":{"start":{"line":169,"column":2},"end":{"line":169,"column":40}},"101":{"start":{"line":172,"column":1},"end":{"line":174,"column":3}},"102":{"start":{"line":173,"column":2},"end":{"line":173,"column":45}},"103":{"start":{"line":176,"column":1},"end":{"line":178,"column":3}},"104":{"start":{"line":177,"column":2},"end":{"line":177,"column":37}},"105":{"start":{"line":180,"column":1},"end":{"line":182,"column":3}},"106":{"start":{"line":181,"column":2},"end":{"line":181,"column":44}},"107":{"start":{"line":184,"column":1},"end":{"line":194,"column":2}},"108":{"start":{"line":186,"column":2},"end":{"line":186,"column":25}},"109":{"start":{"line":188,"column":2},"end":{"line":192,"column":3}},"110":{"start":{"line":189,"column":3},"end":{"line":189,"column":67}},"111":{"start":{"line":189,"column":58},"end":{"line":189,"column":67}},"112":{"start":{"line":190,"column":3},"end":{"line":190,"column":44}},"113":{"start":{"line":190,"column":35},"end":{"line":190,"column":44}},"114":{"start":{"line":191,"column":3},"end":{"line":191,"column":32}},"115":{"start":{"line":193,"column":2},"end":{"line":193,"column":23}},"116":{"start":{"line":196,"column":1},"end":{"line":206,"column":2}},"117":{"start":{"line":198,"column":2},"end":{"line":198,"column":31}},"118":{"start":{"line":200,"column":2},"end":{"line":204,"column":3}},"119":{"start":{"line":201,"column":3},"end":{"line":201,"column":67}},"120":{"start":{"line":201,"column":58},"end":{"line":201,"column":67}},"121":{"start":{"line":202,"column":3},"end":{"line":202,"column":50}},"122":{"start":{"line":202,"column":41},"end":{"line":202,"column":50}},"123":{"start":{"line":203,"column":3},"end":{"line":203,"column":38}},"124":{"start":{"line":205,"column":2},"end":{"line":205,"column":29}},"125":{"start":{"line":208,"column":1},"end":{"line":222,"column":2}},"126":{"start":{"line":210,"column":2},"end":{"line":210,"column":44}},"127":{"start":{"line":211,"column":2},"end":{"line":211,"column":31}},"128":{"start":{"line":213,"column":2},"end":{"line":213,"column":26}},"129":{"start":{"line":214,"column":2},"end":{"line":214,"column":64}},"130":{"start":{"line":214,"column":42},"end":{"line":214,"column":60}},"131":{"start":{"line":216,"column":2},"end":{"line":220,"column":3}},"132":{"start":{"line":217,"column":3},"end":{"line":217,"column":47}},"133":{"start":{"line":218,"column":3},"end":{"line":218,"column":53}},"134":{"start":{"line":219,"column":3},"end":{"line":219,"column":75}},"135":{"start":{"line":221,"column":2},"end":{"line":221,"column":81}},"136":{"start":{"line":224,"column":1},"end":{"line":234,"column":2}},"137":{"start":{"line":226,"column":2},"end":{"line":226,"column":61}},"138":{"start":{"line":227,"column":2},"end":{"line":227,"column":40}},"139":{"start":{"line":229,"column":2},"end":{"line":229,"column":44}},"140":{"start":{"line":230,"column":2},"end":{"line":232,"column":3}},"141":{"start":{"line":231,"column":3},"end":{"line":231,"column":44}},"142":{"start":{"line":233,"column":2},"end":{"line":233,"column":16}},"143":{"start":{"line":236,"column":1},"end":{"line":241,"column":2}},"144":{"start":{"line":237,"column":2},"end":{"line":240,"column":5}},"145":{"start":{"line":243,"column":1},"end"
[...]
ine":328,"column":15}}},"branchMap":{"1":{"line":22,"type":"binary-expr","locations":[{"start":{"line":22,"column":34},"end":{"line":22,"column":63}},{"start":{"line":22,"column":67},"end":{"line":22,"column":85}}]},"2":{"line":57,"type":"if","locations":[{"start":{"line":57,"column":2},"end":{"line":57,"column":2}},{"start":{"line":57,"column":2},"end":{"line":57,"column":2}}]},"3":{"line":58,"type":"if","locations":[{"start":{"line":58,"column":2},"end":{"line":58,"column":2}},{"start":{"line":58,"column":2},"end":{"line":58,"column":2}}]},"4":{"line":59,"type":"if","locations":[{"start":{"line":59,"column":2},"end":{"line":59,"column":2}},{"start":{"line":59,"column":2},"end":{"line":59,"column":2}}]},"5":{"line":64,"type":"if","locations":[{"start":{"line":64,"column":2},"end":{"line":64,"column":2}},{"start":{"line":64,"column":2},"end":{"line":64,"column":2}}]},"6":{"line":67,"type":"binary-expr","locations":[{"start":{"line":67,"column":28},"end":{"line":67,"column":50}},{"start":{"line":67,"column":54},"end":{"line":67,"column":56}}]},"7":{"line":70,"type":"if","locations":[{"start":{"line":70,"column":3},"end":{"line":70,"column":3}},{"start":{"line":70,"column":3},"end":{"line":70,"column":3}}]},"8":{"line":74,"type":"binary-expr","locations":[{"start":{"line":74,"column":25},"end":{"line":74,"column":37}},{"start":{"line":74,"column":41},"end":{"line":74,"column":54}},{"start":{"line":74,"column":58},"end":{"line":74,"column":74}}]},"9":{"line":78,"type":"if","locations":[{"start":{"line":78,"column":3},"end":{"line":78,"column":3}},{"start":{"line":78,"column":3},"end":{"line":78,"column":3}}]},"10":{"line":81,"type":"binary-expr","locations":[{"start":{"line":81,"column":29},"end":{"line":81,"column":51}},{"start":{"line":81,"column":55},"end":{"line":81,"column":57}}]},"11":{"line":94,"type":"cond-expr","locations":[{"start":{"line":94,"column":16},"end":{"line":94,"column":75}},{"start":{"line":94,"column":78},"end":{"line":94,"column":94}}]},"12":{"line":96,"type":"cond-expr","locations":[{"start":{"line":96,"column":16},"end":{"line":96,"column":61}},{"start":{"line":96,"column":64},"end":{"line":96,"column":73}}]},"13":{"line":105,"type":"binary-expr","locations":[{"start":{"line":105,"column":26},"end":{"line":105,"column":47}},{"start":{"line":105,"column":51},"end":{"line":105,"column":73}}]},"14":{"line":157,"type":"if","locations":[{"start":{"line":157,"column":2},"end":{"line":157,"column":2}},{"start":{"line":157,"column":2},"end":{"line":157,"column":2}}]},"15":{"line":179,"type":"if","locations":[{"start":{"line":179,"column":2},"end":{"line":179,"column":2}},{"start":{"line":179,"column":2},"end":{"line":179,"column":2}}]},"16":{"line":185,"type":"if","locations":[{"start":{"line":185,"column":2},"end":{"line":185,"column":2}},{"start":{"line":185,"column":2},"end":{"line":185,"column":2}}]},"17":{"line":185,"type":"binary-expr","locations":[{"start":{"line":185,"column":6},"end":{"line":185,"column":32}},{"start":{"line":185,"column":36},"end":{"line":185,"column":59}}]},"18":{"line":195,"type":"if","locations":[{"start":{"line":195,"column":2},"end":{"line":195,"column":2}},{"start":{"line":195,"column":2},"end":{"line":195,"column":2}}]},"19":{"line":195,"type":"binary-expr","locations":[{"start":{"line":195,"column":6},"end":{"line":195,"column":31}},{"start":{"line":195,"column":35},"end":{"line":195,"column":58}}]},"20":{"line":214,"type":"if","locations":[{"start":{"line":214,"column":2},"end":{"line":214,"column":2}},{"start":{"line":214,"column":2},"end":{"line":214,"column":2}}]},"21":{"line":225,"type":"if","locations":[{"start":{"line":225,"column":2},"end":{"line":225,"column":2}},{"start":{"line":225,"column":2},"end":{"line":225,"column":2}}]},"22":{"line":234,"type":"if","locations":[{"start":{"line":234,"column":2},"end":{"line":234,"column":2}},{"start":{"line":234,"column":2},"end":{"line":234,"column":2}}]},"23":{"line":234,"type":"binary-expr","locations":[{"start":{"line":234,"column":6},"end":{"line":234,"column":32}},{"start":{"line":234,"column":36},"end":{"line":234,"column":59}}]},"24":{"line":249,"type":"if","locations":[{"start":{"line":249,"column":2},"end":{"line":249,"column":2}},{"start":{"line":249,"column":2},"end":{"line":249,"column":2}}]},"25":{"line":249,"type":"binary-expr","locations":[{"start":{"line":249,"column":6},"end":{"line":249,"column":31}},{"start":{"line":249,"column":35},"end":{"line":249,"column":58}}]},"26":{"line":261,"type":"if","locations":[{"start":{"line":261,"column":2},"end":{"line":261,"column":2}},{"start":{"line":261,"column":2},"end":{"line":261,"column":2}}]},"27":{"line":265,"type":"if","locations":[{"start":{"line":265,"column":2},"end":{"line":265,"column":2}},{"start":{"line":265,"column":2},"end":{"line":265,"column":2}}]},"28":{"line":269,"type":"if","locations":[{"start":{"line":269,"column":2},"end":{"line":269,"column":2}},{"start":{"line":269,"column":2},"end":{"line":269,"column":2}}]},"29":{"line":269,"type":"binary-expr","locations":[{"start":{"line":269,"column":6},"end":{"line":269,"column":24}},{"start":{"line":269,"column":29},"end":{"line":269,"column":47}},{"start":{"line":269,"column":51},"end":{"line":269,"column":68}}]},"30":{"line":279,"type":"if","locations":[{"start":{"line":279,"column":3},"end":{"line":279,"column":3}},{"start":{"line":279,"column":3},"end":{"line":279,"column":3}}]},"31":{"line":283,"type":"if","locations":[{"start":{"line":283,"column":3},"end":{"line":283,"column":3}},{"start":{"line":283,"column":3},"end":{"line":283,"column":3}}]},"32":{"line":293,"type":"cond-expr","locations":[{"start":{"line":293,"column":100},"end":{"line":293,"column":106}},{"start":{"line":293,"column":109},"end":{"line":293,"column":114}}]},"33":{"line":293,"type":"binary-expr","locations":[{"start":{"line":293,"column":25},"end":{"line":293,"column":35}},{"start":{"line":293,"column":39},"end":{"line":293,"column":76}},{"start":{"line":293,"column":80},"end":{"line":293,"column":96}}]},"34":{"line":296,"type":"if","locations":[{"start":{"line":296,"column":2},"end":{"line":296,"column":2}},{"start":{"line":296,"column":2},"end":{"line":296,"column":2}}]},"35":{"line":297,"type":"if","locations":[{"start":{"line":297,"column":3},"end":{"line":297,"column":3}},{"start":{"line":297,"column":3},"end":{"line":297,"column":3}}]},"36":{"line":302,"type":"if","locations":[{"start":{"line":302,"column":3},"end":{"line":302,"column":3}},{"start":{"line":302,"column":3},"end":{"line":302,"column":3}}]},"37":{"line":307,"type":"if","locations":[{"start":{"line":307,"column":2},"end":{"line":307,"column":2}},{"start":{"line":307,"column":2},"end":{"line":307,"column":2}}]},"38":{"line":316,"type":"binary-expr","locations":[{"start":{"line":316,"column":3},"end":{"line":316,"column":21}},{"start":{"line":316,"column":25},"end":{"line":316,"column":41}}]}},"code":["'use strict';","","var convert  = require('convert-source-map');","var events   = require('events');","var extend   = require('util')._extend;","var fs       = require('fs');","var realpath = require('fs.realpath');","var log      = require('util').debuglog(require('../package').name);","var trace    = require('util').debuglog(require('../package').name + '-trace');","var path     = require('path');","var through  = require('through2');","var time     = require('./time');","var tsconfig = require('tsconfig');","var util     = require('util');","var assign   = require('object-assign');","","module.exports = function (ts) {","\tvar CompileError     = require('./CompileError')(ts);","\tvar Host             = require('./Host')(ts);","\tvar currentDirectory = ts.normalizeSlashes(realpath.realpathSync(process.cwd()));","","\tvar parseJsonConfigFileContent = ts.parseJsonConfigFileContent || ts.parseConfigFile;","","\tfunction isTypescript(file) {","\t\treturn (/\\.tsx?$/i).test(file);","\t}","","\tfunction isTsx(file) {","\t\treturn (/\\.tsx$/i).test(file);","\t}","","\tfunction isJavascript(file) {","\t\treturn (/\\.jsx?$/i).test(file);","\t}","","\tfunction isTypescriptDeclaration(file) {","\t\treturn (/\\.d\\.ts$/i).test(file);","\t}","","\tfunction replaceFileExtension(file, extension) {","\t\treturn file.replace(/\\.\\w+$/i, extension);","\t}","","\tfunction fileExists(file) {","\t\ttry {","\t\t\tvar stats = fs.lstatSync(file);","\t\t\treturn stats.isFile();","\t\t} catch (e) {","\t\t\treturn false;","\t\t}","\t}","","\tfunction parseOptions(opts, bopts) {","","\t\t// Expand any short-name, command-line options","\t\tvar expanded = {};","\t\tif (opts.m) { expanded.module = opts.m; }","\t\tif (opts.p) { expanded.project = opts.p; }","\t\tif (opts.t) { expanded.target = opts.t; }","\t\topts = assign(expanded, opts);","","\t\tvar config;","\t\tvar configFile;","\t\tif (typeof opts.project === \"object\"){","\t\t\tlog('Using inline tsconfig');","\t\t\tconfig = JSON.parse(JSON.stringify(opts.project));","\t\t\tconfig.compilerOptions = config.compilerOptions || {};","\t\t\textend(config.compilerOptions, opts);","\t\t} else {","\t\t\tif (fileExists(opts.project)) {","\t\t\t\tconfigFile = opts.project;","\t\t\t} else {","\t\t\t\tconfigFile = ts.findConfigFile(","\t\t\t\t\tts.normalizeSlashes(opts.project || bopts.basedir || currentDirectory),","\t\t\t\t\tfileExists","\t\t\t\t);","\t\t\t}","\t\t\tif (configFile) {","\t\t\t\tlog('Using tsconfig file at %s', configFile);","\t\t\t\tconfig = tsconfig.readFileSync(configFile);","\t\t\t\tconfig.compilerOptions = config.compilerOptions || {};","\t\t\t\textend(config.compilerOptions, opts);","\t\t\t} else {","\t\t\t\tconfig = {","\t\t\t\t\tfiles: [],","\t\t\t\t\tcompilerOptions: opts","\t\t\t\t};","\t\t\t}","\t\t}","","\t\tvar parsed = parseJsonConfigFileContent(","\t\t\tconfig,","\t\t\tts.sys,","\t\t\tconfigFile ? ts.normalizeSlashes(path.resolve(path.dirname(configFile))) : currentDirectory,","\t\t\tnull,","\t\t\tconfigFile ? ts.normalizeSlashes(path.resolve(configFile)) : undefined","\t\t);","","\t\t// Generate inline sourcemaps if Browserify's --debug option is set","\t\tparsed.options.sourceMap = false;","\t\tparsed.options.inlineSourceMap = bopts.debug;","\t\tparsed.options.inlineSources = bopts.debug;","","\t\t// Default to CommonJS module mode","\t\tparsed.options.module = parsed.options.module || ts.ModuleKind.CommonJS;","","\t\t// Blacklist --out/--outFile/--noEmit; these should definitely not be set, since we are doing","\t\t// concatenation with Browserify instead","\t\tdelete parsed.options.out;","\t\tdelete parsed.options.outFile;","\t\tdelete parsed.options.noEmit;","","\t\t// Set rootDir and outDir so we know exactly where the TS compiler will be trying to","\t\t// write files; the filenames will end up being the keys into our in-memory store.","\t\t// The output directory needs to be distinct from the input directory to prevent the TS","\t\t// compiler from thinking that it might accidentally overwrite source files, which would","\t\t// prevent it from outputting e.g. the results of transpiling ES6 JS files with --allowJs.","\t\tparsed.options.rootDir = path.relative('.', '/');","\t\tparsed.options.outDir = ts.normalizeSlashes(path.resolve('/__tsify__'));","","\t\tlog('Files from tsconfig parse:');","\t\tparsed.fileNames.forEach(function (filename) { log('  %s', filename); });","","\t\tvar result = {","\t\t\toptions: parsed.options,","\t\t\tfileNames: parsed.fileNames","\t\t};","","\t\treturn result;","\t}","","\tfunction Tsifier(opts, bopts) {","\t\tvar self = this;","","\t\tvar parsedOptions = parseOptions(opts, bopts);","\t\tself.opts = parsedOptions.options;","\t\tself.files = parsedOptions.fileNames;","\t\tself.ignoredFiles = [];","\t\tself.bopts = bopts;","\t\tself.host = new Host(currentDirectory, self.opts);","","\t\tself.host.on('file', function (file, id) {","\t\t\tself.emit('file', file, id);","\t\t});","\t}","","\tutil.inherits(Tsifier, events.EventEmitter);","","\tTsifier.prototype.reset = function () {","\t\tvar self = this;","\t\tself.ignoredFiles = [];","\t\tself.host._reset();","\t\tself.addFiles(self.files);","\t};","","\tTsifier.prototype.generateCache = function (files, ignoredFiles) {","\t\tif (ignoredFiles) {","\t\t\tthis.ignoredFiles = ignoredFiles;","\t\t}","\t\tthis.addFiles(files);","\t\tthis.compile();","\t};","","\tTsifier.prototype.addFiles = function (files) {","\t\tvar self = this;","\t\tfiles.forEach(function (file) {","\t\t\tself.host._addFile(file, true);","\t\t});","\t};","","\tTsifier.prototype.compile = function () {","\t\tvar self = this;","","\t\tvar createProgram_t0 = time.start();","\t\tvar program = self.host._compile(self.opts);","\t\ttime.stop(createProgram_t0, 'createProgram');","","\t\tvar syntaxDiagnostics = self.checkSyntax(program);","\t\tif (syntaxDiagnostics.length) {","\t\t\tlog('Compilation encountered fatal syntax errors');","\t\t\treturn;","\t\t}","","\t\tvar semanticDiagnostics = self.checkSemantics(program);","\t\tif (semanticDiagnostics.length && self.opts.noEmitOnError) {","\t\t\tlog('Compilation encountered fatal semantic errors');","\t\t\treturn;","\t\t}","","\t\tvar emit_t0 = time.start();","\t\tvar emitOutput = program.emit();","\t\ttime.stop(emit_t0, 'emit program');","","\t\tvar emittedDiagnostics = self.checkEmittedOutput(emitOutput);","\t\tif (emittedDiagnostics.length && self.opts.noEmitOnError) {","\t\t\tlog('Compilation encountered fatal errors during emit');","\t\t\treturn;","\t\t}","","\t\tlog('Compilation completed without errors');","\t};","","\tTsifier.prototype.checkSyntax = function (program) {","\t\tvar self = this;","","\t\tvar syntaxCheck_t0 = time.start();","\t\tvar syntaxDiagnostics = program.getSyntacticDiagnostics();","\t\ttime.stop(syntaxCheck_t0, 'syntax checking');","","\t\tsyntaxDiagnostics.forEach(function (error) {","\t\t\tself.emit('error', new CompileError(error));","\t\t});","","\t\tif (syntaxDiagnostics.length) {","\t\t\tself.host.error = true;","\t\t}","\t\treturn syntaxDiagnostics;","\t};","","\tTsifier.prototype.checkSemantics = function (program) {","\t\tvar self = this;","","\t\tvar semanticDiagnostics_t0 = time.start();","\t\tvar semanticDiagnostics = program.getGlobalDiagnostics();","\t\tif (semanticDiagnostics.length === 0) {","\t\t\tsemanticDiagnostics = program.getSemanticDiagnostics();","\t\t}","\t\ttime.stop(semanticDiagnostics_t0, 'semantic checking');","","\t\tsemanticDiagnostics.forEach(function (error) {","\t\t\tself.emit('error', new CompileError(error));","\t\t});","","\t\tif (semanticDiagnostics.length && self.opts.noEmitOnError) {","\t\t\tself.host.error = true;","\t\t}","","\t\treturn semanticDiagnostics;","\t};","","\tTsifier.prototype.checkEmittedOutput = function (emitOutput) {","\t\tvar self = this;","","\t\tvar emittedDiagnostics = emitOutput.diagnostics;","\t\temittedDiagnostics.forEach(function (error) {","\t\t\tself.emit('error', new CompileError(error));","\t\t});","","\t\tif (emittedDiagnostics.length && self.opts.noEmitOnError) {","\t\t\tself.host.error = true;","\t\t}","","\t\treturn emittedDiagnostics;","\t};","","\tTsifier.prototype.transform = function (file) {","\t\tvar self = this;","","\t\ttrace('Transforming %s', file);","","\t\tif (self.ignoredFiles.indexOf(file) !== -1) {","\t\t\treturn through();","\t\t}","","\t\tif (isTypescriptDeclaration(file)) {","\t\t\treturn through(transform);","\t\t}","","\t\tif (isTypescript(file) || (isJavascript(file) && self.opts.allowJs)) {","\t\t\treturn through(transform, flush);","\t\t}","","\t\treturn through();","","\t\tfunction transform(chunk, enc, next) {","\t\t\tnext();","\t\t}","\t\tfunction flush(next) {","\t\t\tif (self.host.error)","\t\t\t\treturn;","","\t\t\tvar compiled = self.getCompiledFile(file);","\t\t\tif (compiled) {","\t\t\t\tthis.push(compiled);","\t\t\t}","\t\t\tthis.push(null);","\t\t\tnext();","\t\t}","\t};","","\tTsifier.prototype.getCompiledFile = function (inputFile, alreadyMissedCache) {","\t\tvar self = this;","\t\tvar outputExtension = (ts.JsxEmit && self.opts.jsx === ts.JsxEmit.Preserve && isTsx(inputFile)) ? '.jsx' : '.js';","\t\tvar output = self.host._output(replaceFileExtension(inputFile, outputExtension));","","\t\tif (output === undefined) {","\t\t\tif (alreadyMissedCache) {","\t\t\t\tself.emit('error', new Error('tsify: no compiled file for ' + inputFile));","\t\t\t\treturn;","\t\t\t}","\t\t\tself.generateCache([inputFile]);","\t\t\tif (self.host.error)","\t\t\t\treturn;","\t\t\treturn self.getCompiledFile(inputFile, true);","\t\t}","","\t\tif (self.opts.inlineSourceMap) {","\t\t\toutput = self.setSourcePathInSourcemap(output, inputFile);","\t\t}","\t\treturn output;","\t};","","\tTsifier.prototype.setSourcePathInSourcemap = function (output, inputFile) {","\t\tvar self = this;","\t\tvar normalized = ts.normalizePath(path.relative(","\t\t\tself.bopts.basedir || currentDirectory,","\t\t\tinputFile","\t\t));","","\t\tvar sourcemap = convert.fromComment(output);","\t\tsourcemap.setProperty('sources', [normalized]);","\t\treturn output.replace(convert.commentRegex, sourcemap.toComment());","\t}","","\tvar result = Tsifier;","\tresult.isTypescript = isTypescript;","\tresult.isTypescriptDeclaration = isTypescriptDeclaration;","\treturn result;","};",""],"l":{"3":1,"4":1,"5":1,"6":1,"7":1,"8":1,"9":1,"10":1,"11":1,"12":1,"13":1,"14":1,"15":1,"17":1,"18":0,"19":0,"20":0,"22":0,"24":1,"25":0,"28":1,"29":0,"32":1,"33":0,"36":1,"37":0,"40":1,"41":0,"44":1,"45":0,"46":0,"47":0,"49":0,"53":1,"56":0,"57":0,"58":0,"59":0,"60":0,"62":0,"63":0,"64":0,"65":0,"66":0,"67":0,"68":0,"70":0,"71":0,"73":0,"78":0,"79":0,"80":0,"81":0,"82":0,"84":0,"91":0,"100":0,"101":0,"102":0,"105":0,"109":0,"110":0,"111":0,"118":0,"119":0,"121":0,"122":0,"124":0,"129":0,"132":1,"133":0,"135":0,"136":0,"137":0,"138":0,"139":0,"140":0,"142":0,"143":0,"147":0,"149":0,"150":0,"151":0,"152":0,"153":0,"156":0,"157":0,"158":0,"160":0,"161":0,"164":0,"165":0,"166":0,"167":0,"171":0,"172":0,"174":0,"175":0,"176":0,"178":0,"179":0,"180":0,"181":0,"184":0,"185":0,"186":0,"187":0,"190":0,"191":0,"192":0,"194":0,"195":0,"196":0,"197":0,"200":0,"203":0,"204":0,"206":0,"207":0,"208":0,"210":0,"211":0,"214":0,"215":0,"217":0,"220":0,"221":0,"223":0,"224":0,"225":0,"226":0,"228":0,"230":0,"231":0,"234":0,"235":0,"238":0,"241":0,"242":0,"244":0,"245":0,"246":0,"249":0,"250":0,"253":0,"256":0,"257":0,"259":0,"261":0,"262":0,"265":0,"266":0,"269":0,"270":0,"273":0,"275":1,"276":0,"278":1,"279":0,"280":0,"282":0,"283":0,"284":0,"286":0,"287":0,"291":0,"292":0,"293":0,"294":0,"296":0,"297":0,"298":0,"299":0,"301":0,"302":0,"303":0,"304":0,"307":0,"308":0,"310":0,"313":0,"314":0,"315":0,"320":0,"321":0,"322":0,"325":0,"326":0,"327":0,"328":0}},"/home/travis/build/npmtest/node-npmtest-tsify/node_modules/tsify/lib/time.js":{"path":"/home/travis/build/npmtest/node-npmtest-tsify/node_modules/tsify/lib/time.js","s":{"1":1,"2":1,"3":0,"4":1,"5":0,"6":0,"7":1},"b":{},"f":{"1":0,"2":0},"fnMap":{"1":{"name":"start","line":5,"loc":{"start":{"line":5,"column":0},"end":{"line":5,"column":17}}},"2":{"name":"stop","line":8,"loc":{"start":{"line":8,"column":0},"end":{"line":8,"column":27}}}},"statementMap":{"1":{"start":{"line":3,"column":0},"end":{"line":3,"column":63}},"2":{"start":{"line":5,"column":0},"end":{"line":7,"column":1}},"3":{"start":{"line":6,"column":1},"end":{"line":6,"column":25}},"4":{"start":{"line":8,"column":0},"end":{"line":11,"column":1}},"5":{"start":{"line":9,"column":1},"end":{"line":9,"column":32}},"6":{"start":{"line":10,"column":1},"end":{"line":10,"column":79}},"7":{"start":{"line":13,"column":0},"end":{"line":13,"column":46}}},"branchMap":{},"code":["'use strict';","","var log = require('util').debuglog(require('../package').name);","","function start() {","\treturn process.hrtime();","}","function stop(t0, message) {","\tvar tDiff = process.hrtime(t0);","\tlog('%d sec -- %s', (tDiff[0] + (tDiff[1] / 1000000000)).toFixed(4), message);","}","","module.exports = { start: start, stop: stop };",""],"l":{"3":1,"5":1,"6":0,"8":1,"9":0,"10":0,"13":1}}}